Using pre-set license
Built from '2020.3/staging' branch; Version is '2020.3.18f1 (a7d1c678663c) revision 10998214'; Using compiler version '192528614'; Build Type 'Release'
OS: 'Windows 10 Home Single Language; OS build 22000.376; Version 2009; 64bit' Language: 'en' Physical Memory: 7930 MB
BatchMode: 1, IsHumanControllingUs: 0, StartBugReporterOnCrash: 0, Is64bit: 1, IsPro: 0

COMMAND LINE ARGUMENTS:
C:\Program Files\Unity\Hub\Editor\2020.3.18f1\Editor\Unity.exe
-adb2
-batchMode
-noUpm
-name
AssetImportWorker0
-projectPath
C:/Users/ASUS/Fluid
-logFile
Logs/AssetImportWorker0.log
-srvPort
51890
Successfully changed project path to: C:/Users/ASUS/Fluid
C:/Users/ASUS/Fluid
Using Asset Import Pipeline V2.
Refreshing native plugins compatible for Editor in 38.55 ms, found 2 plugins.
Preloading 0 native plugins for Editor in 0.00 ms.
Initialize engine version: 2020.3.18f1 (a7d1c678663c)
[Subsystems] Discovering subsystems at path C:/Program Files/Unity/Hub/Editor/2020.3.18f1/Editor/Data/Resources/UnitySubsystems
[Subsystems] Discovering subsystems at path C:/Users/ASUS/Fluid/Assets
GfxDevice: creating device client; threaded=0
Direct3D:
    Version:  Direct3D 11.0 [level 11.1]
    Renderer: NVIDIA GeForce RTX 3050 Laptop GPU (ID=0x25a5)
    Vendor:   
    VRAM:     3991 MB
    Driver:   30.0.14.9649
Initialize mono
Mono path[0] = 'C:/Program Files/Unity/Hub/Editor/2020.3.18f1/Editor/Data/Managed'
Mono path[1] = 'C:/Program Files/Unity/Hub/Editor/2020.3.18f1/Editor/Data/MonoBleedingEdge/lib/mono/unityjit'
Mono config path = 'C:/Program Files/Unity/Hub/Editor/2020.3.18f1/Editor/Data/MonoBleedingEdge/etc'
Using monoOptions --debugger-agent=transport=dt_socket,embedding=1,server=y,suspend=n,address=127.0.0.1:56116
Begin MonoManager ReloadAssembly
Registering precompiled unity dll's ...
Register platform support module: C:/Program Files/Unity/Hub/Editor/2020.3.18f1/Editor/Data/PlaybackEngines/WebGLSupport/UnityEditor.WebGL.Extensions.dll
Register platform support module: C:/Program Files/Unity/Hub/Editor/2020.3.18f1/Editor/Data/PlaybackEngines/WindowsStandaloneSupport/UnityEditor.WindowsStandalone.Extensions.dll
Registered in 0.001197 seconds.
Native extension for WindowsStandalone target not found
Native extension for WebGL target not found
Refreshing native plugins compatible for Editor in 65.21 ms, found 2 plugins.
Preloading 0 native plugins for Editor in 0.00 ms.
Mono: successfully reloaded assembly
- Completed reload, in  1.066 seconds
Domain Reload Profiling:
	ReloadAssembly (1066ms)
		BeginReloadAssembly (44ms)
			ExecutionOrderSort (0ms)
			DisableScriptedObjects (0ms)
			BackupInstance (0ms)
			ReleaseScriptingObjects (0ms)
			CreateAndSetChildDomain (1ms)
		EndReloadAssembly (545ms)
			LoadAssemblies (41ms)
			RebuildTransferFunctionScriptingTraits (0ms)
			SetupTypeCache (115ms)
			ReleaseScriptCaches (0ms)
			RebuildScriptCaches (49ms)
			SetupLoadedEditorAssemblies (271ms)
				LogAssemblyErrors (0ms)
				InitializePlatformSupportModulesInManaged (10ms)
				SetLoadedEditorAssemblies (1ms)
				RefreshPlugins (65ms)
				BeforeProcessingInitializeOnLoad (22ms)
				ProcessInitializeOnLoadAttributes (125ms)
				ProcessInitializeOnLoadMethodAttributes (46ms)
				AfterProcessingInitializeOnLoad (0ms)
				EditorAssembliesLoaded (0ms)
			ExecutionOrderSort2 (0ms)
			AwakeInstancesAfterBackupRestoration (0ms)
Platform modules already initialized, skipping
Registering precompiled user dll's ...
Registered in 0.005823 seconds.
Begin MonoManager ReloadAssembly
Native extension for WindowsStandalone target not found
Native extension for WebGL target not found
Refreshing native plugins compatible for Editor in 41.84 ms, found 2 plugins.
Preloading 0 native plugins for Editor in 0.00 ms.
Mono: successfully reloaded assembly
- Completed reload, in  0.963 seconds
Domain Reload Profiling:
	ReloadAssembly (965ms)
		BeginReloadAssembly (115ms)
			ExecutionOrderSort (0ms)
			DisableScriptedObjects (3ms)
			BackupInstance (0ms)
			ReleaseScriptingObjects (0ms)
			CreateAndSetChildDomain (17ms)
		EndReloadAssembly (799ms)
			LoadAssemblies (82ms)
			RebuildTransferFunctionScriptingTraits (0ms)
			SetupTypeCache (248ms)
			ReleaseScriptCaches (1ms)
			RebuildScriptCaches (43ms)
			SetupLoadedEditorAssemblies (318ms)
				LogAssemblyErrors (0ms)
				InitializePlatformSupportModulesInManaged (4ms)
				SetLoadedEditorAssemblies (0ms)
				RefreshPlugins (42ms)
				BeforeProcessingInitializeOnLoad (55ms)
				ProcessInitializeOnLoadAttributes (205ms)
				ProcessInitializeOnLoadMethodAttributes (9ms)
				AfterProcessingInitializeOnLoad (4ms)
				EditorAssembliesLoaded (0ms)
			ExecutionOrderSort2 (0ms)
			AwakeInstancesAfterBackupRestoration (12ms)
Platform modules already initialized, skipping
========================================================================
Worker process is ready to serve import requests
Launched and connected shader compiler UnityShaderCompiler.exe after 0.05 seconds
Refreshing native plugins compatible for Editor in 0.62 ms, found 2 plugins.
Preloading 0 native plugins for Editor in 0.00 ms.
Unloading 2653 Unused Serialized files (Serialized files now loaded: 0)
System memory in use before: 118.4 MB.
System memory in use after: 118.6 MB.

Unloading 17 unused Assets to reduce memory usage. Loaded Objects now: 3089.
Total: 3.869100 ms (FindLiveObjects: 0.581000 ms CreateObjectMapping: 0.260500 ms MarkObjects: 2.891500 ms  DeleteObjects: 0.133700 ms)

AssetImportParameters requested are different than current active one (requested -> active):
  custom:framework-win-MediaFoundation: 216162199b28c13a410421893ffa2e32 -> 
  custom:video-decoder-ogg-theora: a1e56fd34408186e4bbccfd4996cb3dc -> 
  custom:container-muxer-webm: aa71ff27fc2769a1b78a27578f13a17b -> 
  custom:container-demuxer-webm: 4f35f7cbe854078d1ac9338744f61a02 -> 
  custom:container-demuxer-ogg: 62fdf1f143b41e24485cea50d1cbac27 -> 
  custom:video-encoder-webm-vp8: eb34c28f22e8b96e1ab97ce403110664 -> 
  custom:video-decoder-webm-vp8: 9c59270c3fd7afecdb556c50c9e8de78 -> 
  custom:audio-decoder-ogg-vorbis: bf7c407c2cedff20999df2af8eb42d56 -> 
  custom:audio-encoder-webm-vorbis: bf7c407c2cedff20999df2af8eb42d56 -> 
========================================================================
Received Import Request.
  path: Assets/Sea.mat
  artifactKey: Guid(cc57c2e6277d8b84e986be838b2572fd) Importer(815301076,1909f56bfc062723c751e8b465ee728b)
Start importing Assets/Sea.mat using Guid(cc57c2e6277d8b84e986be838b2572fd) Importer(815301076,1909f56bfc062723c751e8b465ee728b)  -> (artifact id: '5cd57de152247935dbfcb107a2c012b1') in 0.129867 seconds 
  Import took 0.135148 seconds .

========================================================================
Received Import Request.
  Time since last request: 48.592312 seconds.
  path: Assets/Sea.shadergraph
  artifactKey: Guid(697579442e1232b4fbdef0f095f21026) Importer(815301076,1909f56bfc062723c751e8b465ee728b)
Start importing Assets/Sea.shadergraph using Guid(697579442e1232b4fbdef0f095f21026) Importer(815301076,1909f56bfc062723c751e8b465ee728b)  -> (artifact id: 'd2a6a6d05777a6e8335084d9f50b17a7') in 0.006110 seconds 
  Import took 0.010688 seconds .

========================================================================
Received Import Request.
  Time since last request: 5.767351 seconds.
  path: Assets/Shader Graphs_Sea.mat
  artifactKey: Guid(55a9ff3eee38c6d4681e85a9124972d2) Importer(815301076,1909f56bfc062723c751e8b465ee728b)
Start importing Assets/Shader Graphs_Sea.mat using Guid(55a9ff3eee38c6d4681e85a9124972d2) Importer(815301076,1909f56bfc062723c751e8b465ee728b)  -> (artifact id: '9d40a4e7181667a1367e11e0e17e4645') in 0.009222 seconds 
  Import took 0.014439 seconds .

========================================================================
Received Import Request.
  Time since last request: 3.451174 seconds.
  path: Assets/Sea.mat
  artifactKey: Guid(55a9ff3eee38c6d4681e85a9124972d2) Importer(815301076,1909f56bfc062723c751e8b465ee728b)
Start importing Assets/Sea.mat using Guid(55a9ff3eee38c6d4681e85a9124972d2) Importer(815301076,1909f56bfc062723c751e8b465ee728b)  -> (artifact id: '43ab852694da620364faf85943f57592') in 0.009578 seconds 
  Import took 0.015478 seconds .

========================================================================
Received Import Request.
  Time since last request: 54775.778053 seconds.
  path: Assets/UniversalRenderPipelineAsset.asset
  artifactKey: Guid(44083547af4ca7c4d8a0e002708e1a65) Importer(815301076,1909f56bfc062723c751e8b465ee728b)
Start importing Assets/UniversalRenderPipelineAsset.asset using Guid(44083547af4ca7c4d8a0e002708e1a65) Importer(815301076,1909f56bfc062723c751e8b465ee728b)  -> (artifact id: 'b6a194ade2056c66a1ea021b974f1e3e') in 0.490663 seconds 
  Import took 0.603081 seconds .

========================================================================
Received Import Request.
  Time since last request: 0.000662 seconds.
  path: Assets/UniversalRenderPipelineAsset_Renderer.asset
  artifactKey: Guid(71d7dd99999ef8d4680f80120621f51b) Importer(815301076,1909f56bfc062723c751e8b465ee728b)
Start importing Assets/UniversalRenderPipelineAsset_Renderer.asset using Guid(71d7dd99999ef8d4680f80120621f51b) Importer(815301076,1909f56bfc062723c751e8b465ee728b)  -> (artifact id: '7ed457b09e5126477101f6e877056386') in 0.026509 seconds 
  Import took 0.032323 seconds .

========================================================================
Received Prepare
Switching render pipeline 00000000000000000000000000000000 -> 44083547af4ca7c4d8a0e002708e1a65
Refreshing native plugins compatible for Editor in 153.65 ms, found 2 plugins.
Preloading 0 native plugins for Editor in 0.00 ms.
Unloading 58 Unused Serialized files (Serialized files now loaded: 0)
System memory in use before: 69.5 MB.
System memory in use after: 69.7 MB.

Unloading 10 unused Assets to reduce memory usage. Loaded Objects now: 3177.
Total: 45.471800 ms (FindLiveObjects: 0.656000 ms CreateObjectMapping: 0.103700 ms MarkObjects: 44.550700 ms  DeleteObjects: 0.160100 ms)

AssetImportParameters requested are different than current active one (requested -> active):
  custom:framework-win-MediaFoundation: 216162199b28c13a410421893ffa2e32 -> 
  custom:video-decoder-ogg-theora: a1e56fd34408186e4bbccfd4996cb3dc -> 
  custom:container-muxer-webm: aa71ff27fc2769a1b78a27578f13a17b -> 
  custom:container-demuxer-webm: 4f35f7cbe854078d1ac9338744f61a02 -> 
  custom:container-demuxer-ogg: 62fdf1f143b41e24485cea50d1cbac27 -> 
  custom:video-encoder-webm-vp8: eb34c28f22e8b96e1ab97ce403110664 -> 
  custom:video-decoder-webm-vp8: 9c59270c3fd7afecdb556c50c9e8de78 -> 
  custom:audio-decoder-ogg-vorbis: bf7c407c2cedff20999df2af8eb42d56 -> 
  custom:audio-encoder-webm-vorbis: bf7c407c2cedff20999df2af8eb42d56 -> 
========================================================================
Received Import Request.
  Time since last request: 114.329957 seconds.
  path: Assets/UniversalRenderPipelineAsset.asset
  artifactKey: Guid(44083547af4ca7c4d8a0e002708e1a65) Importer(815301076,1909f56bfc062723c751e8b465ee728b)
Start importing Assets/UniversalRenderPipelineAsset.asset using Guid(44083547af4ca7c4d8a0e002708e1a65) Importer(815301076,1909f56bfc062723c751e8b465ee728b)  -> (artifact id: 'a59b351b7d32a55f5f8f5510bd8b01fc') in 0.033234 seconds 
  Import took 0.038574 seconds .

========================================================================
Received Import Request.
  Time since last request: 0.071816 seconds.
  path: Assets/UniversalRenderPipelineAsset_Renderer.asset
  artifactKey: Guid(71d7dd99999ef8d4680f80120621f51b) Importer(815301076,1909f56bfc062723c751e8b465ee728b)
Start importing Assets/UniversalRenderPipelineAsset_Renderer.asset using Guid(71d7dd99999ef8d4680f80120621f51b) Importer(815301076,1909f56bfc062723c751e8b465ee728b)  -> (artifact id: 'ddb1f5fc33563285fedb4f04fb1d376c') in 0.003658 seconds 
  Import took 0.007862 seconds .

========================================================================
Received Import Request.
  Time since last request: 231.940986 seconds.
  path: Assets/Sea.shadergraph
  artifactKey: Guid(697579442e1232b4fbdef0f095f21026) Importer(815301076,1909f56bfc062723c751e8b465ee728b)
Start importing Assets/Sea.shadergraph using Guid(697579442e1232b4fbdef0f095f21026) Importer(815301076,1909f56bfc062723c751e8b465ee728b)  -> (artifact id: 'de0c50ae706d96212136a81cd46cf6b8') in 0.010282 seconds 
  Import took 0.015120 seconds .

========================================================================
Received Import Request.
  Time since last request: 0.016673 seconds.
  path: Assets/Sea.shadergraph
  artifactKey: Guid(697579442e1232b4fbdef0f095f21026) Importer(815301076,1909f56bfc062723c751e8b465ee728b)
Start importing Assets/Sea.shadergraph using Guid(697579442e1232b4fbdef0f095f21026) Importer(815301076,1909f56bfc062723c751e8b465ee728b)  -> (artifact id: 'de0c50ae706d96212136a81cd46cf6b8') in 0.002816 seconds 
  Import took 0.007413 seconds .

========================================================================
Received Import Request.
  Time since last request: 612.119402 seconds.
  path: Assets/UniversalRenderPipelineAsset_Renderer.asset
  artifactKey: Guid(71d7dd99999ef8d4680f80120621f51b) Importer(815301076,1909f56bfc062723c751e8b465ee728b)
Start importing Assets/UniversalRenderPipelineAsset_Renderer.asset using Guid(71d7dd99999ef8d4680f80120621f51b) Importer(815301076,1909f56bfc062723c751e8b465ee728b)  -> (artifact id: '1e0dc060c78cce491431c9ed44d16025') in 0.003562 seconds 
  Import took 0.008756 seconds .

========================================================================
Received Import Request.
  Time since last request: 420.706961 seconds.
  path: Assets/Sea.shadergraph
  artifactKey: Guid(697579442e1232b4fbdef0f095f21026) Importer(815301076,1909f56bfc062723c751e8b465ee728b)
Start importing Assets/Sea.shadergraph using Guid(697579442e1232b4fbdef0f095f21026) Importer(815301076,1909f56bfc062723c751e8b465ee728b)  -> (artifact id: '9aaee10cdf6bb1c42ecf73d3afce7e5a') in 0.003855 seconds 
  Import took 0.010105 seconds .

========================================================================
Received Import Request.
  Time since last request: 0.021810 seconds.
  path: Assets/Sea.shadergraph
  artifactKey: Guid(697579442e1232b4fbdef0f095f21026) Importer(815301076,1909f56bfc062723c751e8b465ee728b)
Start importing Assets/Sea.shadergraph using Guid(697579442e1232b4fbdef0f095f21026) Importer(815301076,1909f56bfc062723c751e8b465ee728b)  -> (artifact id: '9aaee10cdf6bb1c42ecf73d3afce7e5a') in 0.003427 seconds 
  Import took 0.008631 seconds .

========================================================================
Received Import Request.
  Time since last request: 318.638535 seconds.
  path: Assets/Sea.mat
  artifactKey: Guid(55a9ff3eee38c6d4681e85a9124972d2) Importer(815301076,1909f56bfc062723c751e8b465ee728b)
Start importing Assets/Sea.mat using Guid(55a9ff3eee38c6d4681e85a9124972d2) Importer(815301076,1909f56bfc062723c751e8b465ee728b)  -> (artifact id: '9686c1c88d8f98bd0072cdb82612b914') in 0.720860 seconds 
  Import took 0.726009 seconds .

========================================================================
Received Import Request.
  Time since last request: 88.866838 seconds.
  path: Assets/Sea.shadergraph
  artifactKey: Guid(697579442e1232b4fbdef0f095f21026) Importer(815301076,1909f56bfc062723c751e8b465ee728b)
Start importing Assets/Sea.shadergraph using Guid(697579442e1232b4fbdef0f095f21026) Importer(815301076,1909f56bfc062723c751e8b465ee728b)  -> (artifact id: 'b239439a9a34d8292511aad06ea7296b') in 0.004403 seconds 
  Import took 0.010983 seconds .

========================================================================
Received Import Request.
  Time since last request: 0.017506 seconds.
  path: Assets/Sea.shadergraph
  artifactKey: Guid(697579442e1232b4fbdef0f095f21026) Importer(815301076,1909f56bfc062723c751e8b465ee728b)
Start importing Assets/Sea.shadergraph using Guid(697579442e1232b4fbdef0f095f21026) Importer(815301076,1909f56bfc062723c751e8b465ee728b)  -> (artifact id: 'b239439a9a34d8292511aad06ea7296b') in 0.003536 seconds 
  Import took 0.007837 seconds .

========================================================================
Received Import Request.
  Time since last request: 412.629056 seconds.
  path: Assets/Sea.mat
  artifactKey: Guid(55a9ff3eee38c6d4681e85a9124972d2) Importer(815301076,1909f56bfc062723c751e8b465ee728b)
Start importing Assets/Sea.mat using Guid(55a9ff3eee38c6d4681e85a9124972d2) Importer(815301076,1909f56bfc062723c751e8b465ee728b)  -> (artifact id: 'b552e14646a7b1ba0dc40199df88babd') in 0.012942 seconds 
  Import took 0.017557 seconds .

========================================================================
Received Import Request.
  Time since last request: 3.343595 seconds.
  path: Assets/Sea.shadergraph
  artifactKey: Guid(697579442e1232b4fbdef0f095f21026) Importer(815301076,1909f56bfc062723c751e8b465ee728b)
Start importing Assets/Sea.shadergraph using Guid(697579442e1232b4fbdef0f095f21026) Importer(815301076,1909f56bfc062723c751e8b465ee728b)  -> (artifact id: '9c51f564e6f5f3296dd2ceb2332ff681') in 0.009211 seconds 
  Import took 0.025601 seconds .

========================================================================
Received Import Request.
  Time since last request: 5362.742668 seconds.
  path: Assets/Sea.shadergraph
  artifactKey: Guid(697579442e1232b4fbdef0f095f21026) Importer(815301076,1909f56bfc062723c751e8b465ee728b)
Start importing Assets/Sea.shadergraph using Guid(697579442e1232b4fbdef0f095f21026) Importer(815301076,1909f56bfc062723c751e8b465ee728b)  -> (artifact id: '1f6f0c1ea8cd27e6ef44b03db6199f7a') in 0.019500 seconds 
  Import took 0.036753 seconds .

========================================================================
Received Import Request.
  Time since last request: 9.229900 seconds.
  path: Assets/Texture
  artifactKey: Guid(4707cdb0c89869f4e8fed8e7a2d6347f) Importer(815301076,1909f56bfc062723c751e8b465ee728b)
Start importing Assets/Texture using Guid(4707cdb0c89869f4e8fed8e7a2d6347f) Importer(815301076,1909f56bfc062723c751e8b465ee728b)  -> (artifact id: '86bad00bcfe6b8f66c6b4fffaf85d38f') in 0.007390 seconds 
  Import took 0.012588 seconds .

========================================================================
Received Import Request.
  Time since last request: 18.795191 seconds.
  path: Assets/Texture/Water_001_SD
  artifactKey: Guid(0dd5e5e4acb4b474d84d9354e868cd3b) Importer(815301076,1909f56bfc062723c751e8b465ee728b)
Start importing Assets/Texture/Water_001_SD using Guid(0dd5e5e4acb4b474d84d9354e868cd3b) Importer(815301076,1909f56bfc062723c751e8b465ee728b)  -> (artifact id: '5cffd337eef7c5fde085b26d0466a73c') in 0.006494 seconds 
  Import took 0.010538 seconds .

========================================================================
Received Import Request.
  Time since last request: 0.001702 seconds.
  path: Assets/Texture/Water_001_SD
  artifactKey: Guid(0dd5e5e4acb4b474d84d9354e868cd3b) Importer(815301076,1909f56bfc062723c751e8b465ee728b)
Start importing Assets/Texture/Water_001_SD using Guid(0dd5e5e4acb4b474d84d9354e868cd3b) Importer(815301076,1909f56bfc062723c751e8b465ee728b)  -> (artifact id: '5cffd337eef7c5fde085b26d0466a73c') in 0.002701 seconds 
  Import took 0.007055 seconds .

========================================================================
Received Import Request.
  Time since last request: 1.086849 seconds.
  path: Assets/Texture/Water_001_SD/Water_001_SD
  artifactKey: Guid(33419ad6b8e6ad543b38fc469d930a27) Importer(815301076,1909f56bfc062723c751e8b465ee728b)
Start importing Assets/Texture/Water_001_SD/Water_001_SD using Guid(33419ad6b8e6ad543b38fc469d930a27) Importer(815301076,1909f56bfc062723c751e8b465ee728b)  -> (artifact id: 'bf70ab0fa739967550929808e0957fb0') in 0.002240 seconds 
  Import took 0.006997 seconds .

========================================================================
Received Import Request.
  Time since last request: 0.003347 seconds.
  path: Assets/Texture/Water_001_SD/Water_001_SD
  artifactKey: Guid(33419ad6b8e6ad543b38fc469d930a27) Importer(815301076,1909f56bfc062723c751e8b465ee728b)
Start importing Assets/Texture/Water_001_SD/Water_001_SD using Guid(33419ad6b8e6ad543b38fc469d930a27) Importer(815301076,1909f56bfc062723c751e8b465ee728b)  -> (artifact id: 'bf70ab0fa739967550929808e0957fb0') in 0.002271 seconds 
  Import took 0.006480 seconds .

========================================================================
Received Import Request.
  Time since last request: 0.094356 seconds.
  path: Assets/Texture/Water_001_SD/Water_001_SD/Water_001_COLOR.jpg
  artifactKey: Guid(361cd20203d797845b46cd87de24a31b) Importer(815301076,1909f56bfc062723c751e8b465ee728b)
Start importing Assets/Texture/Water_001_SD/Water_001_SD/Water_001_COLOR.jpg using Guid(361cd20203d797845b46cd87de24a31b) Importer(815301076,1909f56bfc062723c751e8b465ee728b)  -> (artifact id: '8b9d0d0429cd18cb4d77b2a7c30640d4') in 0.071953 seconds 
  Import took 0.075939 seconds .

========================================================================
Received Import Request.
  Time since last request: 0.000177 seconds.
  path: Assets/Texture/Water_001_SD/Water_001_SD/Water_001_SPEC.jpg
  artifactKey: Guid(e945706250329914098ca6078219b319) Importer(815301076,1909f56bfc062723c751e8b465ee728b)
Start importing Assets/Texture/Water_001_SD/Water_001_SD/Water_001_SPEC.jpg using Guid(e945706250329914098ca6078219b319) Importer(815301076,1909f56bfc062723c751e8b465ee728b)  -> (artifact id: '6b586eff0b8aadaa1e3e8d94e7ba7ec2') in 0.015076 seconds 
  Import took 0.019201 seconds .

========================================================================
Received Import Request.
  Time since last request: 0.000266 seconds.
  path: Assets/Texture/Water_001_SD/Water_001_SD/Water_001_OCC.jpg
  artifactKey: Guid(a6f2ab9d665f64f4ca290940088c9448) Importer(815301076,1909f56bfc062723c751e8b465ee728b)
Start importing Assets/Texture/Water_001_SD/Water_001_SD/Water_001_OCC.jpg using Guid(a6f2ab9d665f64f4ca290940088c9448) Importer(815301076,1909f56bfc062723c751e8b465ee728b)  -> (artifact id: 'e46cf0a1e7a4b948dd9f55c4460fdc91') in 0.014517 seconds 
  Import took 0.018719 seconds .

========================================================================
Received Import Request.
  Time since last request: 0.000249 seconds.
  path: Assets/Texture/Water_001_SD/Water_001_SD/Water_001_DISP.png
  artifactKey: Guid(e0c5d7fb6e7908d48a9d17d09d9745a4) Importer(815301076,1909f56bfc062723c751e8b465ee728b)
Start importing Assets/Texture/Water_001_SD/Water_001_SD/Water_001_DISP.png using Guid(e0c5d7fb6e7908d48a9d17d09d9745a4) Importer(815301076,1909f56bfc062723c751e8b465ee728b)  -> (artifact id: '67f59718c15c59b19cd3188e417048da') in 0.014652 seconds 
  Import took 0.020423 seconds .

========================================================================
Received Import Request.
  Time since last request: 0.000156 seconds.
  path: Assets/Texture/Water_001_SD/Water_001_SD/Water_001_NORM.jpg
  artifactKey: Guid(272c64b2d0491104eacdc992a9d9eb60) Importer(815301076,1909f56bfc062723c751e8b465ee728b)
Start importing Assets/Texture/Water_001_SD/Water_001_SD/Water_001_NORM.jpg using Guid(272c64b2d0491104eacdc992a9d9eb60) Importer(815301076,1909f56bfc062723c751e8b465ee728b)  -> (artifact id: '8762952ce382ea5ccce20952f1d9b2c7') in 0.014460 seconds 
  Import took 0.018644 seconds .

========================================================================
Received Import Request.
  Time since last request: 119.672388 seconds.
  path: Assets/Scenes/SampleScene.unity
  artifactKey: Guid(9fc0d4010bbf28b4594072e72b8655ab) Importer(815301076,1909f56bfc062723c751e8b465ee728b)
Start importing Assets/Scenes/SampleScene.unity using Guid(9fc0d4010bbf28b4594072e72b8655ab) Importer(815301076,1909f56bfc062723c751e8b465ee728b)  -> (artifact id: 'ccca52b87f7065d834bce12dddc660b7') in 0.008305 seconds 
  Import took 0.012471 seconds .

========================================================================
Received Prepare
Registering precompiled user dll's ...
Registered in 0.036715 seconds.
Begin MonoManager ReloadAssembly
Native extension for WindowsStandalone target not found
Native extension for WebGL target not found
Refreshing native plugins compatible for Editor in 0.46 ms, found 2 plugins.
Preloading 0 native plugins for Editor in 0.00 ms.
Mono: successfully reloaded assembly
- Completed reload, in  0.995 seconds
Domain Reload Profiling:
	ReloadAssembly (996ms)
		BeginReloadAssembly (233ms)
			ExecutionOrderSort (0ms)
			DisableScriptedObjects (15ms)
			BackupInstance (0ms)
			ReleaseScriptingObjects (0ms)
			CreateAndSetChildDomain (131ms)
		EndReloadAssembly (715ms)
			LoadAssemblies (77ms)
			RebuildTransferFunctionScriptingTraits (0ms)
			SetupTypeCache (254ms)
			ReleaseScriptCaches (2ms)
			RebuildScriptCaches (33ms)
			SetupLoadedEditorAssemblies (217ms)
				LogAssemblyErrors (0ms)
				InitializePlatformSupportModulesInManaged (4ms)
				SetLoadedEditorAssemblies (0ms)
				RefreshPlugins (1ms)
				BeforeProcessingInitializeOnLoad (47ms)
				ProcessInitializeOnLoadAttributes (159ms)
				ProcessInitializeOnLoadMethodAttributes (3ms)
				AfterProcessingInitializeOnLoad (3ms)
				EditorAssembliesLoaded (0ms)
			ExecutionOrderSort2 (0ms)
			AwakeInstancesAfterBackupRestoration (13ms)
Platform modules already initialized, skipping
Refreshing native plugins compatible for Editor in 0.47 ms, found 2 plugins.
Preloading 0 native plugins for Editor in 0.00 ms.
Unloading 2593 Unused Serialized files (Serialized files now loaded: 0)
System memory in use before: 121.3 MB.
System memory in use after: 121.5 MB.

Unloading 12 unused Assets to reduce memory usage. Loaded Objects now: 3220.
Total: 2.704200 ms (FindLiveObjects: 0.202500 ms CreateObjectMapping: 0.060500 ms MarkObjects: 2.422000 ms  DeleteObjects: 0.017900 ms)

AssetImportParameters requested are different than current active one (requested -> active):
  custom:framework-win-MediaFoundation: 216162199b28c13a410421893ffa2e32 -> 
  custom:video-decoder-ogg-theora: a1e56fd34408186e4bbccfd4996cb3dc -> 
  custom:container-muxer-webm: aa71ff27fc2769a1b78a27578f13a17b -> 
  custom:container-demuxer-webm: 4f35f7cbe854078d1ac9338744f61a02 -> 
  custom:container-demuxer-ogg: 62fdf1f143b41e24485cea50d1cbac27 -> 
  custom:video-encoder-webm-vp8: eb34c28f22e8b96e1ab97ce403110664 -> 
  custom:video-decoder-webm-vp8: 9c59270c3fd7afecdb556c50c9e8de78 -> 
  custom:audio-decoder-ogg-vorbis: bf7c407c2cedff20999df2af8eb42d56 -> 
  custom:audio-encoder-webm-vorbis: bf7c407c2cedff20999df2af8eb42d56 -> 
========================================================================
Received Import Request.
  Time since last request: 722.952376 seconds.
  path: Assets/Sea.shadergraph
  artifactKey: Guid(697579442e1232b4fbdef0f095f21026) Importer(815301076,1909f56bfc062723c751e8b465ee728b)
Start importing Assets/Sea.shadergraph using Guid(697579442e1232b4fbdef0f095f21026) Importer(815301076,1909f56bfc062723c751e8b465ee728b)  -> (artifact id: '6369475d832cc1da2a478a83a5ef3ba9') in 0.052686 seconds 
  Import took 0.058534 seconds .

========================================================================
Received Import Request.
  Time since last request: 24.194481 seconds.
  path: Assets/Sea.mat
  artifactKey: Guid(55a9ff3eee38c6d4681e85a9124972d2) Importer(815301076,1909f56bfc062723c751e8b465ee728b)
Start importing Assets/Sea.mat using Guid(55a9ff3eee38c6d4681e85a9124972d2) Importer(815301076,1909f56bfc062723c751e8b465ee728b)  -> (artifact id: '7217cf22888c697acd1db1e2723eaa8d') in 0.133485 seconds 
  Import took 0.137545 seconds .

========================================================================
Received Import Request.
  Time since last request: 0.000186 seconds.
  path: Assets/UniversalRenderPipelineAsset.asset
  artifactKey: Guid(44083547af4ca7c4d8a0e002708e1a65) Importer(815301076,1909f56bfc062723c751e8b465ee728b)
Start importing Assets/UniversalRenderPipelineAsset.asset using Guid(44083547af4ca7c4d8a0e002708e1a65) Importer(815301076,1909f56bfc062723c751e8b465ee728b)  -> (artifact id: '2993244863c82435a139cd88a81aef3a') in 0.006699 seconds 
  Import took 0.011570 seconds .

========================================================================
Received Import Request.
  Time since last request: 10.912195 seconds.
  path: Assets/Sea.shadergraph
  artifactKey: Guid(697579442e1232b4fbdef0f095f21026) Importer(815301076,1909f56bfc062723c751e8b465ee728b)
Start importing Assets/Sea.shadergraph using Guid(697579442e1232b4fbdef0f095f21026) Importer(815301076,1909f56bfc062723c751e8b465ee728b)  -> (artifact id: 'fc9ab0575c758ca96fd460b515b8ed41') in 0.002726 seconds 
  Import took 0.008536 seconds .

========================================================================
Received Import Request.
  Time since last request: 22.651473 seconds.
  path: Assets/Sea.shadergraph
  artifactKey: Guid(697579442e1232b4fbdef0f095f21026) Importer(815301076,1909f56bfc062723c751e8b465ee728b)
Start importing Assets/Sea.shadergraph using Guid(697579442e1232b4fbdef0f095f21026) Importer(815301076,1909f56bfc062723c751e8b465ee728b)  -> (artifact id: '5c3273667a7d78c14f583d7bb1a0b48b') in 0.003373 seconds 
  Import took 0.008776 seconds .

========================================================================
Received Import Request.
  Time since last request: 393.407014 seconds.
  path: Assets/Sea.shadergraph
  artifactKey: Guid(697579442e1232b4fbdef0f095f21026) Importer(815301076,1909f56bfc062723c751e8b465ee728b)
Start importing Assets/Sea.shadergraph using Guid(697579442e1232b4fbdef0f095f21026) Importer(815301076,1909f56bfc062723c751e8b465ee728b)  -> (artifact id: '1d81133a57318fe52258209d8d65eebf') in 0.003740 seconds 
  Import took 0.009792 seconds .

========================================================================
Received Import Request.
  Time since last request: 0.021601 seconds.
  path: Assets/Sea.shadergraph
  artifactKey: Guid(697579442e1232b4fbdef0f095f21026) Importer(815301076,1909f56bfc062723c751e8b465ee728b)
Start importing Assets/Sea.shadergraph using Guid(697579442e1232b4fbdef0f095f21026) Importer(815301076,1909f56bfc062723c751e8b465ee728b)  -> (artifact id: '1d81133a57318fe52258209d8d65eebf') in 0.003346 seconds 
  Import took 0.007402 seconds .

========================================================================
Received Import Request.
  Time since last request: 135.942381 seconds.
  path: Assets/Sea.shadergraph
  artifactKey: Guid(697579442e1232b4fbdef0f095f21026) Importer(815301076,1909f56bfc062723c751e8b465ee728b)
Start importing Assets/Sea.shadergraph using Guid(697579442e1232b4fbdef0f095f21026) Importer(815301076,1909f56bfc062723c751e8b465ee728b)  -> (artifact id: '3062515261bf01886cfe54f417bd467e') in 0.002834 seconds 
  Import took 0.007949 seconds .

========================================================================
Received Import Request.
  Time since last request: 44.688790 seconds.
  path: Assets/Sea.shadergraph
  artifactKey: Guid(697579442e1232b4fbdef0f095f21026) Importer(815301076,1909f56bfc062723c751e8b465ee728b)
Start importing Assets/Sea.shadergraph using Guid(697579442e1232b4fbdef0f095f21026) Importer(815301076,1909f56bfc062723c751e8b465ee728b)  -> (artifact id: '669e60b20807fed5a045a94b0a772369') in 0.003250 seconds 
  Import took 0.007615 seconds .

========================================================================
Received Import Request.
  Time since last request: 23.817142 seconds.
  path: Assets/Sea.shadergraph
  artifactKey: Guid(697579442e1232b4fbdef0f095f21026) Importer(815301076,1909f56bfc062723c751e8b465ee728b)
Start importing Assets/Sea.shadergraph using Guid(697579442e1232b4fbdef0f095f21026) Importer(815301076,1909f56bfc062723c751e8b465ee728b)  -> (artifact id: '26bb1f69cb8b364d9386fd1f546ad225') in 0.003046 seconds 
  Import took 0.008500 seconds .

========================================================================
Received Prepare
Registering precompiled user dll's ...
Registered in 0.001805 seconds.
Begin MonoManager ReloadAssembly
Native extension for WindowsStandalone target not found
Native extension for WebGL target not found
Refreshing native plugins compatible for Editor in 0.48 ms, found 2 plugins.
Preloading 0 native plugins for Editor in 0.00 ms.
Mono: successfully reloaded assembly
- Completed reload, in  0.873 seconds
Domain Reload Profiling:
	ReloadAssembly (873ms)
		BeginReloadAssembly (101ms)
			ExecutionOrderSort (0ms)
			DisableScriptedObjects (5ms)
			BackupInstance (0ms)
			ReleaseScriptingObjects (0ms)
			CreateAndSetChildDomain (38ms)
		EndReloadAssembly (725ms)
			LoadAssemblies (66ms)
			RebuildTransferFunctionScriptingTraits (0ms)
			SetupTypeCache (239ms)
			ReleaseScriptCaches (2ms)
			RebuildScriptCaches (39ms)
			SetupLoadedEditorAssemblies (254ms)
				LogAssemblyErrors (0ms)
				InitializePlatformSupportModulesInManaged (4ms)
				SetLoadedEditorAssemblies (0ms)
				RefreshPlugins (1ms)
				BeforeProcessingInitializeOnLoad (51ms)
				ProcessInitializeOnLoadAttributes (191ms)
				ProcessInitializeOnLoadMethodAttributes (3ms)
				AfterProcessingInitializeOnLoad (3ms)
				EditorAssembliesLoaded (0ms)
			ExecutionOrderSort2 (0ms)
			AwakeInstancesAfterBackupRestoration (13ms)
Platform modules already initialized, skipping
Refreshing native plugins compatible for Editor in 0.54 ms, found 2 plugins.
Preloading 0 native plugins for Editor in 0.00 ms.
Unloading 2592 Unused Serialized files (Serialized files now loaded: 0)
System memory in use before: 121.4 MB.
System memory in use after: 121.7 MB.

Unloading 12 unused Assets to reduce memory usage. Loaded Objects now: 3259.
Total: 2.829500 ms (FindLiveObjects: 0.264100 ms CreateObjectMapping: 0.055700 ms MarkObjects: 2.489900 ms  DeleteObjects: 0.018600 ms)

AssetImportParameters requested are different than current active one (requested -> active):
  custom:framework-win-MediaFoundation: 216162199b28c13a410421893ffa2e32 -> 
  custom:video-decoder-ogg-theora: a1e56fd34408186e4bbccfd4996cb3dc -> 
  custom:container-muxer-webm: aa71ff27fc2769a1b78a27578f13a17b -> 
  custom:container-demuxer-webm: 4f35f7cbe854078d1ac9338744f61a02 -> 
  custom:container-demuxer-ogg: 62fdf1f143b41e24485cea50d1cbac27 -> 
  custom:video-encoder-webm-vp8: eb34c28f22e8b96e1ab97ce403110664 -> 
  custom:video-decoder-webm-vp8: 9c59270c3fd7afecdb556c50c9e8de78 -> 
  custom:audio-decoder-ogg-vorbis: bf7c407c2cedff20999df2af8eb42d56 -> 
  custom:audio-encoder-webm-vorbis: bf7c407c2cedff20999df2af8eb42d56 -> 
========================================================================
Received Import Request.
  Time since last request: 94.927239 seconds.
  path: Assets/Sea.shadergraph
  artifactKey: Guid(697579442e1232b4fbdef0f095f21026) Importer(815301076,1909f56bfc062723c751e8b465ee728b)
Start importing Assets/Sea.shadergraph using Guid(697579442e1232b4fbdef0f095f21026) Importer(815301076,1909f56bfc062723c751e8b465ee728b)  -> (artifact id: '9512be470f90b866008e80856def0f6c') in 0.016941 seconds 
  Import took 0.021168 seconds .

========================================================================
Received Prepare
Registering precompiled user dll's ...
Registered in 0.002072 seconds.
Begin MonoManager ReloadAssembly
Native extension for WindowsStandalone target not found
Native extension for WebGL target not found
Refreshing native plugins compatible for Editor in 0.47 ms, found 2 plugins.
Preloading 0 native plugins for Editor in 0.00 ms.
Mono: successfully reloaded assembly
- Completed reload, in  0.857 seconds
Domain Reload Profiling:
	ReloadAssembly (857ms)
		BeginReloadAssembly (105ms)
			ExecutionOrderSort (0ms)
			DisableScriptedObjects (3ms)
			BackupInstance (0ms)
			ReleaseScriptingObjects (0ms)
			CreateAndSetChildDomain (38ms)
		EndReloadAssembly (704ms)
			LoadAssemblies (70ms)
			RebuildTransferFunctionScriptingTraits (0ms)
			SetupTypeCache (256ms)
			ReleaseScriptCaches (1ms)
			RebuildScriptCaches (34ms)
			SetupLoadedEditorAssemblies (231ms)
				LogAssemblyErrors (0ms)
				InitializePlatformSupportModulesInManaged (4ms)
				SetLoadedEditorAssemblies (0ms)
				RefreshPlugins (1ms)
				BeforeProcessingInitializeOnLoad (49ms)
				ProcessInitializeOnLoadAttributes (171ms)
				ProcessInitializeOnLoadMethodAttributes (3ms)
				AfterProcessingInitializeOnLoad (3ms)
				EditorAssembliesLoaded (0ms)
			ExecutionOrderSort2 (0ms)
			AwakeInstancesAfterBackupRestoration (12ms)
Platform modules already initialized, skipping
Refreshing native plugins compatible for Editor in 0.47 ms, found 2 plugins.
Preloading 0 native plugins for Editor in 0.00 ms.
Unloading 2591 Unused Serialized files (Serialized files now loaded: 0)
System memory in use before: 121.4 MB.
System memory in use after: 121.7 MB.

Unloading 12 unused Assets to reduce memory usage. Loaded Objects now: 3261.
Total: 2.791300 ms (FindLiveObjects: 0.195500 ms CreateObjectMapping: 0.069500 ms MarkObjects: 2.506500 ms  DeleteObjects: 0.018200 ms)

AssetImportParameters requested are different than current active one (requested -> active):
  custom:framework-win-MediaFoundation: 216162199b28c13a410421893ffa2e32 -> 
  custom:video-decoder-ogg-theora: a1e56fd34408186e4bbccfd4996cb3dc -> 
  custom:container-muxer-webm: aa71ff27fc2769a1b78a27578f13a17b -> 
  custom:container-demuxer-webm: 4f35f7cbe854078d1ac9338744f61a02 -> 
  custom:container-demuxer-ogg: 62fdf1f143b41e24485cea50d1cbac27 -> 
  custom:video-encoder-webm-vp8: eb34c28f22e8b96e1ab97ce403110664 -> 
  custom:video-decoder-webm-vp8: 9c59270c3fd7afecdb556c50c9e8de78 -> 
  custom:audio-decoder-ogg-vorbis: bf7c407c2cedff20999df2af8eb42d56 -> 
  custom:audio-encoder-webm-vorbis: bf7c407c2cedff20999df2af8eb42d56 -> 
========================================================================
Received Import Request.
  Time since last request: 846.540062 seconds.
  path: Assets/Sea.shadergraph
  artifactKey: Guid(697579442e1232b4fbdef0f095f21026) Importer(815301076,1909f56bfc062723c751e8b465ee728b)
Start importing Assets/Sea.shadergraph using Guid(697579442e1232b4fbdef0f095f21026) Importer(815301076,1909f56bfc062723c751e8b465ee728b)  -> (artifact id: '56078f31f3689cddcda4a1fe8e03acbb') in 0.021300 seconds 
  Import took 0.026358 seconds .

========================================================================
Received Import Request.
  Time since last request: 0.001181 seconds.
  path: Assets/Sea.shadergraph
  artifactKey: Guid(697579442e1232b4fbdef0f095f21026) Importer(815301076,1909f56bfc062723c751e8b465ee728b)
Start importing Assets/Sea.shadergraph using Guid(697579442e1232b4fbdef0f095f21026) Importer(815301076,1909f56bfc062723c751e8b465ee728b)  -> (artifact id: '56078f31f3689cddcda4a1fe8e03acbb') in 0.003661 seconds 
  Import took 0.008449 seconds .

========================================================================
Received Import Request.
  Time since last request: 277.044295 seconds.
  path: Assets/Sea.shadergraph
  artifactKey: Guid(697579442e1232b4fbdef0f095f21026) Importer(815301076,1909f56bfc062723c751e8b465ee728b)
Start importing Assets/Sea.shadergraph using Guid(697579442e1232b4fbdef0f095f21026) Importer(815301076,1909f56bfc062723c751e8b465ee728b)  -> (artifact id: '734164eea7e25d32d00f6e0ca68eb4f1') in 0.003502 seconds 
  Import took 0.007815 seconds .

========================================================================
Received Import Request.
  Time since last request: 681.390401 seconds.
  path: Assets/Settings
  artifactKey: Guid(965d27a63a6a4fa4eb3143cdea6f1e5e) Importer(815301076,1909f56bfc062723c751e8b465ee728b)
Start importing Assets/Settings using Guid(965d27a63a6a4fa4eb3143cdea6f1e5e) Importer(815301076,1909f56bfc062723c751e8b465ee728b)  -> (artifact id: '505abdcc3d12fbdac9acdf668f9f060d') in 0.008067 seconds 
  Import took 0.013335 seconds .

========================================================================
Received Import Request.
  Time since last request: 9.873856 seconds.
  path: Assets/Scripts
  artifactKey: Guid(276298901dfe6db4999e876e816ba52d) Importer(815301076,1909f56bfc062723c751e8b465ee728b)
Start importing Assets/Scripts using Guid(276298901dfe6db4999e876e816ba52d) Importer(815301076,1909f56bfc062723c751e8b465ee728b)  -> (artifact id: '551b29ce5cdb11fed013ac607607f60b') in 0.008122 seconds 
  Import took 0.012515 seconds .

========================================================================
Received Import Request.
  Time since last request: 16.440466 seconds.
  path: Assets/Scripts/Buoyancy.cs
  artifactKey: Guid(ac3ab5ecd64f663498fb93b7ed96f6c0) Importer(815301076,1909f56bfc062723c751e8b465ee728b)
Start importing Assets/Scripts/Buoyancy.cs using Guid(ac3ab5ecd64f663498fb93b7ed96f6c0) Importer(815301076,1909f56bfc062723c751e8b465ee728b)  -> (artifact id: '3270227bc54f72dd2b2f0cb0a282d27f') in 0.021492 seconds 
  Import took 0.025673 seconds .

========================================================================
Received Import Request.
  Time since last request: 0.036184 seconds.
  path: Assets/Scripts/Buoyancy.cs
  artifactKey: Guid(ac3ab5ecd64f663498fb93b7ed96f6c0) Importer(815301076,1909f56bfc062723c751e8b465ee728b)
Start importing Assets/Scripts/Buoyancy.cs using Guid(ac3ab5ecd64f663498fb93b7ed96f6c0) Importer(815301076,1909f56bfc062723c751e8b465ee728b)  -> (artifact id: '3270227bc54f72dd2b2f0cb0a282d27f') in 0.002505 seconds 
  Import took 0.007118 seconds .

========================================================================
Received Prepare
Registering precompiled user dll's ...
Registered in 0.004518 seconds.
Begin MonoManager ReloadAssembly
Native extension for WindowsStandalone target not found
Native extension for WebGL target not found
Refreshing native plugins compatible for Editor in 0.63 ms, found 2 plugins.
Preloading 0 native plugins for Editor in 0.00 ms.
Mono: successfully reloaded assembly
- Completed reload, in  0.884 seconds
Domain Reload Profiling:
	ReloadAssembly (884ms)
		BeginReloadAssembly (110ms)
			ExecutionOrderSort (0ms)
			DisableScriptedObjects (4ms)
			BackupInstance (0ms)
			ReleaseScriptingObjects (0ms)
			CreateAndSetChildDomain (39ms)
		EndReloadAssembly (725ms)
			LoadAssemblies (70ms)
			RebuildTransferFunctionScriptingTraits (0ms)
			SetupTypeCache (261ms)
			ReleaseScriptCaches (1ms)
			RebuildScriptCaches (34ms)
			SetupLoadedEditorAssemblies (235ms)
				LogAssemblyErrors (0ms)
				InitializePlatformSupportModulesInManaged (5ms)
				SetLoadedEditorAssemblies (0ms)
				RefreshPlugins (1ms)
				BeforeProcessingInitializeOnLoad (50ms)
				ProcessInitializeOnLoadAttributes (173ms)
				ProcessInitializeOnLoadMethodAttributes (3ms)
				AfterProcessingInitializeOnLoad (3ms)
				EditorAssembliesLoaded (0ms)
			ExecutionOrderSort2 (0ms)
			AwakeInstancesAfterBackupRestoration (14ms)
Platform modules already initialized, skipping
Refreshing native plugins compatible for Editor in 0.48 ms, found 2 plugins.
Preloading 0 native plugins for Editor in 0.00 ms.
Unloading 2592 Unused Serialized files (Serialized files now loaded: 0)
System memory in use before: 121.5 MB.
System memory in use after: 121.7 MB.

Unloading 12 unused Assets to reduce memory usage. Loaded Objects now: 3264.
Total: 2.658400 ms (FindLiveObjects: 0.220400 ms CreateObjectMapping: 0.049400 ms MarkObjects: 2.360600 ms  DeleteObjects: 0.026700 ms)

AssetImportParameters requested are different than current active one (requested -> active):
  custom:framework-win-MediaFoundation: 216162199b28c13a410421893ffa2e32 -> 
  custom:video-decoder-ogg-theora: a1e56fd34408186e4bbccfd4996cb3dc -> 
  custom:container-muxer-webm: aa71ff27fc2769a1b78a27578f13a17b -> 
  custom:container-demuxer-webm: 4f35f7cbe854078d1ac9338744f61a02 -> 
  custom:container-demuxer-ogg: 62fdf1f143b41e24485cea50d1cbac27 -> 
  custom:video-encoder-webm-vp8: eb34c28f22e8b96e1ab97ce403110664 -> 
  custom:video-decoder-webm-vp8: 9c59270c3fd7afecdb556c50c9e8de78 -> 
  custom:audio-decoder-ogg-vorbis: bf7c407c2cedff20999df2af8eb42d56 -> 
  custom:audio-encoder-webm-vorbis: bf7c407c2cedff20999df2af8eb42d56 -> 
========================================================================
Received Import Request.
  Time since last request: 1032.882674 seconds.
  path: Assets/Scripts/Buoyancy.cs
  artifactKey: Guid(ac3ab5ecd64f663498fb93b7ed96f6c0) Importer(815301076,1909f56bfc062723c751e8b465ee728b)
Start importing Assets/Scripts/Buoyancy.cs using Guid(ac3ab5ecd64f663498fb93b7ed96f6c0) Importer(815301076,1909f56bfc062723c751e8b465ee728b)  -> (artifact id: '3d632bcf30c159401eb28d3aa0132055') in 0.133168 seconds 
  Import took 0.210978 seconds .

========================================================================
Received Import Request.
  Time since last request: 557.386224 seconds.
  path: Assets/Scripts/Buoyancy.cs
  artifactKey: Guid(ac3ab5ecd64f663498fb93b7ed96f6c0) Importer(815301076,1909f56bfc062723c751e8b465ee728b)
Start importing Assets/Scripts/Buoyancy.cs using Guid(ac3ab5ecd64f663498fb93b7ed96f6c0) Importer(815301076,1909f56bfc062723c751e8b465ee728b)  -> (artifact id: '1e2c2a09fcefe94d316a2e4ed6923bdc') in 0.003323 seconds 
  Import took 0.008859 seconds .

========================================================================
Received Import Request.
  Time since last request: 0.006573 seconds.
  path: Assets/Scripts/Buoyancy.cs
  artifactKey: Guid(ac3ab5ecd64f663498fb93b7ed96f6c0) Importer(815301076,1909f56bfc062723c751e8b465ee728b)
Start importing Assets/Scripts/Buoyancy.cs using Guid(ac3ab5ecd64f663498fb93b7ed96f6c0) Importer(815301076,1909f56bfc062723c751e8b465ee728b)  -> (artifact id: '1e2c2a09fcefe94d316a2e4ed6923bdc') in 0.002664 seconds 
  Import took 0.006714 seconds .

========================================================================
Received Import Request.
  Time since last request: 8.926583 seconds.
  path: Assets/Scripts/BuoyancyObjects.cs
  artifactKey: Guid(ac3ab5ecd64f663498fb93b7ed96f6c0) Importer(815301076,1909f56bfc062723c751e8b465ee728b)
Start importing Assets/Scripts/BuoyancyObjects.cs using Guid(ac3ab5ecd64f663498fb93b7ed96f6c0) Importer(815301076,1909f56bfc062723c751e8b465ee728b)  -> (artifact id: 'ee6004bfaca5f0d0dce38ad888894925') in 0.008064 seconds 
  Import took 0.012480 seconds .

========================================================================
Received Import Request.
  Time since last request: 124.269374 seconds.
  path: Assets/Scripts/Buoyancy.cs
  artifactKey: Guid(b8469ed0123b1614dbdfd3e93ba27e8b) Importer(815301076,1909f56bfc062723c751e8b465ee728b)
Start importing Assets/Scripts/Buoyancy.cs using Guid(b8469ed0123b1614dbdfd3e93ba27e8b) Importer(815301076,1909f56bfc062723c751e8b465ee728b)  -> (artifact id: '767ded672eb53dd6be4bd0d107ea8267') in 0.003402 seconds 
  Import took 0.009088 seconds .

========================================================================
Received Prepare
Registering precompiled user dll's ...
Registered in 0.002250 seconds.
Begin MonoManager ReloadAssembly
Native extension for WindowsStandalone target not found
Native extension for WebGL target not found
Refreshing native plugins compatible for Editor in 0.50 ms, found 2 plugins.
Preloading 0 native plugins for Editor in 0.00 ms.
Mono: successfully reloaded assembly
- Completed reload, in  0.916 seconds
Domain Reload Profiling:
	ReloadAssembly (919ms)
		BeginReloadAssembly (179ms)
			ExecutionOrderSort (0ms)
			DisableScriptedObjects (17ms)
			BackupInstance (0ms)
			ReleaseScriptingObjects (0ms)
			CreateAndSetChildDomain (83ms)
		EndReloadAssembly (689ms)
			LoadAssemblies (77ms)
			RebuildTransferFunctionScriptingTraits (0ms)
			SetupTypeCache (228ms)
			ReleaseScriptCaches (2ms)
			RebuildScriptCaches (34ms)
			SetupLoadedEditorAssemblies (232ms)
				LogAssemblyErrors (0ms)
				InitializePlatformSupportModulesInManaged (5ms)
				SetLoadedEditorAssemblies (0ms)
				RefreshPlugins (1ms)
				BeforeProcessingInitializeOnLoad (52ms)
				ProcessInitializeOnLoadAttributes (169ms)
				ProcessInitializeOnLoadMethodAttributes (3ms)
				AfterProcessingInitializeOnLoad (3ms)
				EditorAssembliesLoaded (0ms)
			ExecutionOrderSort2 (0ms)
			AwakeInstancesAfterBackupRestoration (15ms)
Platform modules already initialized, skipping
Refreshing native plugins compatible for Editor in 0.53 ms, found 2 plugins.
Preloading 0 native plugins for Editor in 0.00 ms.
Unloading 2592 Unused Serialized files (Serialized files now loaded: 0)
System memory in use before: 121.5 MB.
System memory in use after: 121.7 MB.

Unloading 13 unused Assets to reduce memory usage. Loaded Objects now: 3266.
Total: 3.563700 ms (FindLiveObjects: 0.208800 ms CreateObjectMapping: 0.056600 ms MarkObjects: 3.275400 ms  DeleteObjects: 0.022000 ms)

AssetImportParameters requested are different than current active one (requested -> active):
  custom:framework-win-MediaFoundation: 216162199b28c13a410421893ffa2e32 -> 
  custom:video-decoder-ogg-theora: a1e56fd34408186e4bbccfd4996cb3dc -> 
  custom:container-muxer-webm: aa71ff27fc2769a1b78a27578f13a17b -> 
  custom:container-demuxer-webm: 4f35f7cbe854078d1ac9338744f61a02 -> 
  custom:container-demuxer-ogg: 62fdf1f143b41e24485cea50d1cbac27 -> 
  custom:video-encoder-webm-vp8: eb34c28f22e8b96e1ab97ce403110664 -> 
  custom:video-decoder-webm-vp8: 9c59270c3fd7afecdb556c50c9e8de78 -> 
  custom:audio-decoder-ogg-vorbis: bf7c407c2cedff20999df2af8eb42d56 -> 
  custom:audio-encoder-webm-vorbis: bf7c407c2cedff20999df2af8eb42d56 -> 
========================================================================
Received Prepare
Registering precompiled user dll's ...
Registered in 0.003707 seconds.
Begin MonoManager ReloadAssembly
Native extension for WindowsStandalone target not found
Native extension for WebGL target not found
Refreshing native plugins compatible for Editor in 0.73 ms, found 2 plugins.
Preloading 0 native plugins for Editor in 0.00 ms.
Mono: successfully reloaded assembly
- Completed reload, in  0.856 seconds
Domain Reload Profiling:
	ReloadAssembly (856ms)
		BeginReloadAssembly (116ms)
			ExecutionOrderSort (0ms)
			DisableScriptedObjects (4ms)
			BackupInstance (0ms)
			ReleaseScriptingObjects (0ms)
			CreateAndSetChildDomain (36ms)
		EndReloadAssembly (687ms)
			LoadAssemblies (77ms)
			RebuildTransferFunctionScriptingTraits (0ms)
			SetupTypeCache (239ms)
			ReleaseScriptCaches (1ms)
			RebuildScriptCaches (31ms)
			SetupLoadedEditorAssemblies (229ms)
				LogAssemblyErrors (0ms)
				InitializePlatformSupportModulesInManaged (4ms)
				SetLoadedEditorAssemblies (0ms)
				RefreshPlugins (1ms)
				BeforeProcessingInitializeOnLoad (47ms)
				ProcessInitializeOnLoadAttributes (166ms)
				ProcessInitializeOnLoadMethodAttributes (6ms)
				AfterProcessingInitializeOnLoad (4ms)
				EditorAssembliesLoaded (0ms)
			ExecutionOrderSort2 (0ms)
			AwakeInstancesAfterBackupRestoration (16ms)
Platform modules already initialized, skipping
Refreshing native plugins compatible for Editor in 1.36 ms, found 2 plugins.
Preloading 0 native plugins for Editor in 0.00 ms.
Unloading 2592 Unused Serialized files (Serialized files now loaded: 0)
System memory in use before: 121.5 MB.
System memory in use after: 121.7 MB.

Unloading 12 unused Assets to reduce memory usage. Loaded Objects now: 3268.
Total: 5.453900 ms (FindLiveObjects: 0.556800 ms CreateObjectMapping: 0.142500 ms MarkObjects: 4.322300 ms  DeleteObjects: 0.428100 ms)

AssetImportParameters requested are different than current active one (requested -> active):
  custom:framework-win-MediaFoundation: 216162199b28c13a410421893ffa2e32 -> 
  custom:video-decoder-ogg-theora: a1e56fd34408186e4bbccfd4996cb3dc -> 
  custom:container-muxer-webm: aa71ff27fc2769a1b78a27578f13a17b -> 
  custom:container-demuxer-webm: 4f35f7cbe854078d1ac9338744f61a02 -> 
  custom:container-demuxer-ogg: 62fdf1f143b41e24485cea50d1cbac27 -> 
  custom:video-encoder-webm-vp8: eb34c28f22e8b96e1ab97ce403110664 -> 
  custom:video-decoder-webm-vp8: 9c59270c3fd7afecdb556c50c9e8de78 -> 
  custom:audio-decoder-ogg-vorbis: bf7c407c2cedff20999df2af8eb42d56 -> 
  custom:audio-encoder-webm-vorbis: bf7c407c2cedff20999df2af8eb42d56 -> 
========================================================================
Received Prepare
Registering precompiled user dll's ...
Registered in 0.003133 seconds.
Begin MonoManager ReloadAssembly
Native extension for WindowsStandalone target not found
Native extension for WebGL target not found
Refreshing native plugins compatible for Editor in 0.53 ms, found 2 plugins.
Preloading 0 native plugins for Editor in 0.00 ms.
Mono: successfully reloaded assembly
- Completed reload, in  0.915 seconds
Domain Reload Profiling:
	ReloadAssembly (915ms)
		BeginReloadAssembly (121ms)
			ExecutionOrderSort (0ms)
			DisableScriptedObjects (3ms)
			BackupInstance (0ms)
			ReleaseScriptingObjects (0ms)
			CreateAndSetChildDomain (41ms)
		EndReloadAssembly (741ms)
			LoadAssemblies (70ms)
			RebuildTransferFunctionScriptingTraits (0ms)
			SetupTypeCache (234ms)
			ReleaseScriptCaches (1ms)
			RebuildScriptCaches (35ms)
			SetupLoadedEditorAssemblies (269ms)
				LogAssemblyErrors (0ms)
				InitializePlatformSupportModulesInManaged (4ms)
				SetLoadedEditorAssemblies (0ms)
				RefreshPlugins (1ms)
				BeforeProcessingInitializeOnLoad (55ms)
				ProcessInitializeOnLoadAttributes (201ms)
				ProcessInitializeOnLoadMethodAttributes (4ms)
				AfterProcessingInitializeOnLoad (3ms)
				EditorAssembliesLoaded (0ms)
			ExecutionOrderSort2 (0ms)
			AwakeInstancesAfterBackupRestoration (19ms)
Platform modules already initialized, skipping
Refreshing native plugins compatible for Editor in 0.63 ms, found 2 plugins.
Preloading 0 native plugins for Editor in 0.00 ms.
Unloading 2592 Unused Serialized files (Serialized files now loaded: 0)
System memory in use before: 121.5 MB.
System memory in use after: 121.7 MB.

Unloading 12 unused Assets to reduce memory usage. Loaded Objects now: 3270.
Total: 7.881100 ms (FindLiveObjects: 0.400700 ms CreateObjectMapping: 0.094600 ms MarkObjects: 7.335800 ms  DeleteObjects: 0.047800 ms)

AssetImportParameters requested are different than current active one (requested -> active):
  custom:framework-win-MediaFoundation: 216162199b28c13a410421893ffa2e32 -> 
  custom:video-decoder-ogg-theora: a1e56fd34408186e4bbccfd4996cb3dc -> 
  custom:container-muxer-webm: aa71ff27fc2769a1b78a27578f13a17b -> 
  custom:container-demuxer-webm: 4f35f7cbe854078d1ac9338744f61a02 -> 
  custom:container-demuxer-ogg: 62fdf1f143b41e24485cea50d1cbac27 -> 
  custom:video-encoder-webm-vp8: eb34c28f22e8b96e1ab97ce403110664 -> 
  custom:video-decoder-webm-vp8: 9c59270c3fd7afecdb556c50c9e8de78 -> 
  custom:audio-decoder-ogg-vorbis: bf7c407c2cedff20999df2af8eb42d56 -> 
  custom:audio-encoder-webm-vorbis: bf7c407c2cedff20999df2af8eb42d56 -> 
========================================================================
Received Prepare
Registering precompiled user dll's ...
Registered in 0.003755 seconds.
Begin MonoManager ReloadAssembly
Native extension for WindowsStandalone target not found
Native extension for WebGL target not found
Refreshing native plugins compatible for Editor in 0.58 ms, found 2 plugins.
Preloading 0 native plugins for Editor in 0.00 ms.
Mono: successfully reloaded assembly
- Completed reload, in  0.903 seconds
Domain Reload Profiling:
	ReloadAssembly (903ms)
		BeginReloadAssembly (107ms)
			ExecutionOrderSort (0ms)
			DisableScriptedObjects (4ms)
			BackupInstance (0ms)
			ReleaseScriptingObjects (0ms)
			CreateAndSetChildDomain (38ms)
		EndReloadAssembly (738ms)
			LoadAssemblies (77ms)
			RebuildTransferFunctionScriptingTraits (0ms)
			SetupTypeCache (235ms)
			ReleaseScriptCaches (1ms)
			RebuildScriptCaches (34ms)
			SetupLoadedEditorAssemblies (268ms)
				LogAssemblyErrors (0ms)
				InitializePlatformSupportModulesInManaged (5ms)
				SetLoadedEditorAssemblies (0ms)
				RefreshPlugins (1ms)
				BeforeProcessingInitializeOnLoad (59ms)
				ProcessInitializeOnLoadAttributes (197ms)
				ProcessInitializeOnLoadMethodAttributes (3ms)
				AfterProcessingInitializeOnLoad (3ms)
				EditorAssembliesLoaded (0ms)
			ExecutionOrderSort2 (0ms)
			AwakeInstancesAfterBackupRestoration (18ms)
Platform modules already initialized, skipping
Refreshing native plugins compatible for Editor in 0.47 ms, found 2 plugins.
Preloading 0 native plugins for Editor in 0.00 ms.
Unloading 2592 Unused Serialized files (Serialized files now loaded: 0)
System memory in use before: 121.5 MB.
System memory in use after: 121.7 MB.

Unloading 12 unused Assets to reduce memory usage. Loaded Objects now: 3272.
Total: 3.004500 ms (FindLiveObjects: 0.201700 ms CreateObjectMapping: 0.075400 ms MarkObjects: 2.705500 ms  DeleteObjects: 0.020500 ms)

AssetImportParameters requested are different than current active one (requested -> active):
  custom:framework-win-MediaFoundation: 216162199b28c13a410421893ffa2e32 -> 
  custom:video-decoder-ogg-theora: a1e56fd34408186e4bbccfd4996cb3dc -> 
  custom:container-muxer-webm: aa71ff27fc2769a1b78a27578f13a17b -> 
  custom:container-demuxer-webm: 4f35f7cbe854078d1ac9338744f61a02 -> 
  custom:container-demuxer-ogg: 62fdf1f143b41e24485cea50d1cbac27 -> 
  custom:video-encoder-webm-vp8: eb34c28f22e8b96e1ab97ce403110664 -> 
  custom:video-decoder-webm-vp8: 9c59270c3fd7afecdb556c50c9e8de78 -> 
  custom:audio-decoder-ogg-vorbis: bf7c407c2cedff20999df2af8eb42d56 -> 
  custom:audio-encoder-webm-vorbis: bf7c407c2cedff20999df2af8eb42d56 -> 
========================================================================
Received Import Request.
  Time since last request: 536.009827 seconds.
  path: Assets/Scripts/Buoyancy.cs
  artifactKey: Guid(b8469ed0123b1614dbdfd3e93ba27e8b) Importer(815301076,1909f56bfc062723c751e8b465ee728b)
Start importing Assets/Scripts/Buoyancy.cs using Guid(b8469ed0123b1614dbdfd3e93ba27e8b) Importer(815301076,1909f56bfc062723c751e8b465ee728b)  -> (artifact id: '356904f3cd1a1320a3de5e737f8c25e3') in 0.006394 seconds 
  Import took 0.011053 seconds .

========================================================================
Received Import Request.
  Time since last request: 0.000853 seconds.
  path: Assets/Scripts/Buoyancy.cs
  artifactKey: Guid(b8469ed0123b1614dbdfd3e93ba27e8b) Importer(815301076,1909f56bfc062723c751e8b465ee728b)
Start importing Assets/Scripts/Buoyancy.cs using Guid(b8469ed0123b1614dbdfd3e93ba27e8b) Importer(815301076,1909f56bfc062723c751e8b465ee728b)  -> (artifact id: '356904f3cd1a1320a3de5e737f8c25e3') in 0.002158 seconds 
  Import took 0.006974 seconds .

========================================================================
Received Prepare
Registering precompiled user dll's ...
Registered in 0.009076 seconds.
Begin MonoManager ReloadAssembly
Native extension for WindowsStandalone target not found
Native extension for WebGL target not found
Refreshing native plugins compatible for Editor in 0.48 ms, found 2 plugins.
Preloading 0 native plugins for Editor in 0.00 ms.
Mono: successfully reloaded assembly
- Completed reload, in  0.798 seconds
Domain Reload Profiling:
	ReloadAssembly (799ms)
		BeginReloadAssembly (90ms)
			ExecutionOrderSort (0ms)
			DisableScriptedObjects (3ms)
			BackupInstance (0ms)
			ReleaseScriptingObjects (0ms)
			CreateAndSetChildDomain (28ms)
		EndReloadAssembly (665ms)
			LoadAssemblies (88ms)
			RebuildTransferFunctionScriptingTraits (0ms)
			SetupTypeCache (209ms)
			ReleaseScriptCaches (1ms)
			RebuildScriptCaches (32ms)
			SetupLoadedEditorAssemblies (226ms)
				LogAssemblyErrors (0ms)
				InitializePlatformSupportModulesInManaged (4ms)
				SetLoadedEditorAssemblies (0ms)
				RefreshPlugins (1ms)
				BeforeProcessingInitializeOnLoad (46ms)
				ProcessInitializeOnLoadAttributes (168ms)
				ProcessInitializeOnLoadMethodAttributes (3ms)
				AfterProcessingInitializeOnLoad (3ms)
				EditorAssembliesLoaded (0ms)
			ExecutionOrderSort2 (0ms)
			AwakeInstancesAfterBackupRestoration (14ms)
Platform modules already initialized, skipping
Refreshing native plugins compatible for Editor in 0.56 ms, found 2 plugins.
Preloading 0 native plugins for Editor in 0.00 ms.
Unloading 2592 Unused Serialized files (Serialized files now loaded: 0)
System memory in use before: 121.5 MB.
System memory in use after: 121.8 MB.

Unloading 12 unused Assets to reduce memory usage. Loaded Objects now: 3274.
Total: 2.835300 ms (FindLiveObjects: 0.215200 ms CreateObjectMapping: 0.051600 ms MarkObjects: 2.548200 ms  DeleteObjects: 0.019000 ms)

AssetImportParameters requested are different than current active one (requested -> active):
  custom:framework-win-MediaFoundation: 216162199b28c13a410421893ffa2e32 -> 
  custom:video-decoder-ogg-theora: a1e56fd34408186e4bbccfd4996cb3dc -> 
  custom:container-muxer-webm: aa71ff27fc2769a1b78a27578f13a17b -> 
  custom:container-demuxer-webm: 4f35f7cbe854078d1ac9338744f61a02 -> 
  custom:container-demuxer-ogg: 62fdf1f143b41e24485cea50d1cbac27 -> 
  custom:video-encoder-webm-vp8: eb34c28f22e8b96e1ab97ce403110664 -> 
  custom:video-decoder-webm-vp8: 9c59270c3fd7afecdb556c50c9e8de78 -> 
  custom:audio-decoder-ogg-vorbis: bf7c407c2cedff20999df2af8eb42d56 -> 
  custom:audio-encoder-webm-vorbis: bf7c407c2cedff20999df2af8eb42d56 -> 
========================================================================
Received Prepare
Registering precompiled user dll's ...
Registered in 0.002465 seconds.
Begin MonoManager ReloadAssembly
Native extension for WindowsStandalone target not found
Native extension for WebGL target not found
Refreshing native plugins compatible for Editor in 0.71 ms, found 2 plugins.
Preloading 0 native plugins for Editor in 0.00 ms.
Mono: successfully reloaded assembly
- Completed reload, in  0.820 seconds
Domain Reload Profiling:
	ReloadAssembly (820ms)
		BeginReloadAssembly (87ms)
			ExecutionOrderSort (0ms)
			DisableScriptedObjects (5ms)
			BackupInstance (0ms)
			ReleaseScriptingObjects (0ms)
			CreateAndSetChildDomain (32ms)
		EndReloadAssembly (684ms)
			LoadAssemblies (61ms)
			RebuildTransferFunctionScriptingTraits (0ms)
			SetupTypeCache (229ms)
			ReleaseScriptCaches (1ms)
			RebuildScriptCaches (33ms)
			SetupLoadedEditorAssemblies (241ms)
				LogAssemblyErrors (0ms)
				InitializePlatformSupportModulesInManaged (5ms)
				SetLoadedEditorAssemblies (0ms)
				RefreshPlugins (1ms)
				BeforeProcessingInitializeOnLoad (50ms)
				ProcessInitializeOnLoadAttributes (176ms)
				ProcessInitializeOnLoadMethodAttributes (4ms)
				AfterProcessingInitializeOnLoad (4ms)
				EditorAssembliesLoaded (0ms)
			ExecutionOrderSort2 (0ms)
			AwakeInstancesAfterBackupRestoration (18ms)
Platform modules already initialized, skipping
Refreshing native plugins compatible for Editor in 0.48 ms, found 2 plugins.
Preloading 0 native plugins for Editor in 0.00 ms.
Unloading 2592 Unused Serialized files (Serialized files now loaded: 0)
System memory in use before: 121.5 MB.
System memory in use after: 121.8 MB.

Unloading 12 unused Assets to reduce memory usage. Loaded Objects now: 3276.
Total: 2.979600 ms (FindLiveObjects: 0.215300 ms CreateObjectMapping: 0.073000 ms MarkObjects: 2.397000 ms  DeleteObjects: 0.293100 ms)

AssetImportParameters requested are different than current active one (requested -> active):
  custom:framework-win-MediaFoundation: 216162199b28c13a410421893ffa2e32 -> 
  custom:video-decoder-ogg-theora: a1e56fd34408186e4bbccfd4996cb3dc -> 
  custom:container-muxer-webm: aa71ff27fc2769a1b78a27578f13a17b -> 
  custom:container-demuxer-webm: 4f35f7cbe854078d1ac9338744f61a02 -> 
  custom:container-demuxer-ogg: 62fdf1f143b41e24485cea50d1cbac27 -> 
  custom:video-encoder-webm-vp8: eb34c28f22e8b96e1ab97ce403110664 -> 
  custom:video-decoder-webm-vp8: 9c59270c3fd7afecdb556c50c9e8de78 -> 
  custom:audio-decoder-ogg-vorbis: bf7c407c2cedff20999df2af8eb42d56 -> 
  custom:audio-encoder-webm-vorbis: bf7c407c2cedff20999df2af8eb42d56 -> 
========================================================================
Received Prepare
Registering precompiled user dll's ...
Registered in 0.002275 seconds.
Begin MonoManager ReloadAssembly
Native extension for WindowsStandalone target not found
Native extension for WebGL target not found
Refreshing native plugins compatible for Editor in 0.75 ms, found 2 plugins.
Preloading 0 native plugins for Editor in 0.00 ms.
Mono: successfully reloaded assembly
- Completed reload, in  0.869 seconds
Domain Reload Profiling:
	ReloadAssembly (869ms)
		BeginReloadAssembly (123ms)
			ExecutionOrderSort (0ms)
			DisableScriptedObjects (4ms)
			BackupInstance (0ms)
			ReleaseScriptingObjects (0ms)
			CreateAndSetChildDomain (48ms)
		EndReloadAssembly (693ms)
			LoadAssemblies (71ms)
			RebuildTransferFunctionScriptingTraits (0ms)
			SetupTypeCache (232ms)
			ReleaseScriptCaches (2ms)
			RebuildScriptCaches (35ms)
			SetupLoadedEditorAssemblies (242ms)
				LogAssemblyErrors (0ms)
				InitializePlatformSupportModulesInManaged (5ms)
				SetLoadedEditorAssemblies (1ms)
				RefreshPlugins (1ms)
				BeforeProcessingInitializeOnLoad (49ms)
				ProcessInitializeOnLoadAttributes (178ms)
				ProcessInitializeOnLoadMethodAttributes (4ms)
				AfterProcessingInitializeOnLoad (5ms)
				EditorAssembliesLoaded (0ms)
			ExecutionOrderSort2 (0ms)
			AwakeInstancesAfterBackupRestoration (18ms)
Platform modules already initialized, skipping
Refreshing native plugins compatible for Editor in 0.48 ms, found 2 plugins.
Preloading 0 native plugins for Editor in 0.00 ms.
Unloading 2592 Unused Serialized files (Serialized files now loaded: 0)
System memory in use before: 121.5 MB.
System memory in use after: 121.8 MB.

Unloading 12 unused Assets to reduce memory usage. Loaded Objects now: 3278.
Total: 2.655600 ms (FindLiveObjects: 0.244000 ms CreateObjectMapping: 0.062900 ms MarkObjects: 2.322800 ms  DeleteObjects: 0.024400 ms)

AssetImportParameters requested are different than current active one (requested -> active):
  custom:framework-win-MediaFoundation: 216162199b28c13a410421893ffa2e32 -> 
  custom:video-decoder-ogg-theora: a1e56fd34408186e4bbccfd4996cb3dc -> 
  custom:container-muxer-webm: aa71ff27fc2769a1b78a27578f13a17b -> 
  custom:container-demuxer-webm: 4f35f7cbe854078d1ac9338744f61a02 -> 
  custom:container-demuxer-ogg: 62fdf1f143b41e24485cea50d1cbac27 -> 
  custom:video-encoder-webm-vp8: eb34c28f22e8b96e1ab97ce403110664 -> 
  custom:video-decoder-webm-vp8: 9c59270c3fd7afecdb556c50c9e8de78 -> 
  custom:audio-decoder-ogg-vorbis: bf7c407c2cedff20999df2af8eb42d56 -> 
  custom:audio-encoder-webm-vorbis: bf7c407c2cedff20999df2af8eb42d56 -> 
========================================================================
Received Prepare
Registering precompiled user dll's ...
Registered in 0.011004 seconds.
Begin MonoManager ReloadAssembly
Native extension for WindowsStandalone target not found
Native extension for WebGL target not found
Refreshing native plugins compatible for Editor in 0.51 ms, found 2 plugins.
Preloading 0 native plugins for Editor in 0.00 ms.
Mono: successfully reloaded assembly
- Completed reload, in  0.901 seconds
Domain Reload Profiling:
	ReloadAssembly (901ms)
		BeginReloadAssembly (97ms)
			ExecutionOrderSort (0ms)
			DisableScriptedObjects (4ms)
			BackupInstance (0ms)
			ReleaseScriptingObjects (0ms)
			CreateAndSetChildDomain (32ms)
		EndReloadAssembly (757ms)
			LoadAssemblies (97ms)
			RebuildTransferFunctionScriptingTraits (0ms)
			SetupTypeCache (241ms)
			ReleaseScriptCaches (2ms)
			RebuildScriptCaches (36ms)
			SetupLoadedEditorAssemblies (253ms)
				LogAssemblyErrors (0ms)
				InitializePlatformSupportModulesInManaged (5ms)
				SetLoadedEditorAssemblies (0ms)
				RefreshPlugins (1ms)
				BeforeProcessingInitializeOnLoad (48ms)
				ProcessInitializeOnLoadAttributes (192ms)
				ProcessInitializeOnLoadMethodAttributes (3ms)
				AfterProcessingInitializeOnLoad (3ms)
				EditorAssembliesLoaded (0ms)
			ExecutionOrderSort2 (0ms)
			AwakeInstancesAfterBackupRestoration (15ms)
Platform modules already initialized, skipping
Refreshing native plugins compatible for Editor in 0.63 ms, found 2 plugins.
Preloading 0 native plugins for Editor in 0.00 ms.
Unloading 2592 Unused Serialized files (Serialized files now loaded: 0)
System memory in use before: 121.5 MB.
System memory in use after: 121.8 MB.

Unloading 12 unused Assets to reduce memory usage. Loaded Objects now: 3280.
Total: 3.271800 ms (FindLiveObjects: 0.687900 ms CreateObjectMapping: 0.119200 ms MarkObjects: 2.442100 ms  DeleteObjects: 0.019400 ms)

AssetImportParameters requested are different than current active one (requested -> active):
  custom:framework-win-MediaFoundation: 216162199b28c13a410421893ffa2e32 -> 
  custom:video-decoder-ogg-theora: a1e56fd34408186e4bbccfd4996cb3dc -> 
  custom:container-muxer-webm: aa71ff27fc2769a1b78a27578f13a17b -> 
  custom:container-demuxer-webm: 4f35f7cbe854078d1ac9338744f61a02 -> 
  custom:container-demuxer-ogg: 62fdf1f143b41e24485cea50d1cbac27 -> 
  custom:video-encoder-webm-vp8: eb34c28f22e8b96e1ab97ce403110664 -> 
  custom:video-decoder-webm-vp8: 9c59270c3fd7afecdb556c50c9e8de78 -> 
  custom:audio-decoder-ogg-vorbis: bf7c407c2cedff20999df2af8eb42d56 -> 
  custom:audio-encoder-webm-vorbis: bf7c407c2cedff20999df2af8eb42d56 -> 
========================================================================
Received Prepare
Registering precompiled user dll's ...
Registered in 0.002120 seconds.
Begin MonoManager ReloadAssembly
Native extension for WindowsStandalone target not found
Native extension for WebGL target not found
Refreshing native plugins compatible for Editor in 0.49 ms, found 2 plugins.
Preloading 0 native plugins for Editor in 0.00 ms.
Mono: successfully reloaded assembly
- Completed reload, in  0.909 seconds
Domain Reload Profiling:
	ReloadAssembly (910ms)
		BeginReloadAssembly (107ms)
			ExecutionOrderSort (0ms)
			DisableScriptedObjects (3ms)
			BackupInstance (0ms)
			ReleaseScriptingObjects (0ms)
			CreateAndSetChildDomain (33ms)
		EndReloadAssembly (751ms)
			LoadAssemblies (76ms)
			RebuildTransferFunctionScriptingTraits (0ms)
			SetupTypeCache (243ms)
			ReleaseScriptCaches (1ms)
			RebuildScriptCaches (37ms)
			SetupLoadedEditorAssemblies (288ms)
				LogAssemblyErrors (0ms)
				InitializePlatformSupportModulesInManaged (4ms)
				SetLoadedEditorAssemblies (0ms)
				RefreshPlugins (1ms)
				BeforeProcessingInitializeOnLoad (45ms)
				ProcessInitializeOnLoadAttributes (232ms)
				ProcessInitializeOnLoadMethodAttributes (2ms)
				AfterProcessingInitializeOnLoad (3ms)
				EditorAssembliesLoaded (0ms)
			ExecutionOrderSort2 (0ms)
			AwakeInstancesAfterBackupRestoration (13ms)
Platform modules already initialized, skipping
Refreshing native plugins compatible for Editor in 0.47 ms, found 2 plugins.
Preloading 0 native plugins for Editor in 0.00 ms.
Unloading 2592 Unused Serialized files (Serialized files now loaded: 0)
System memory in use before: 121.6 MB.
System memory in use after: 121.8 MB.

Unloading 12 unused Assets to reduce memory usage. Loaded Objects now: 3282.
Total: 2.696900 ms (FindLiveObjects: 0.201500 ms CreateObjectMapping: 0.057900 ms MarkObjects: 2.419600 ms  DeleteObjects: 0.016700 ms)

AssetImportParameters requested are different than current active one (requested -> active):
  custom:framework-win-MediaFoundation: 216162199b28c13a410421893ffa2e32 -> 
  custom:video-decoder-ogg-theora: a1e56fd34408186e4bbccfd4996cb3dc -> 
  custom:container-muxer-webm: aa71ff27fc2769a1b78a27578f13a17b -> 
  custom:container-demuxer-webm: 4f35f7cbe854078d1ac9338744f61a02 -> 
  custom:container-demuxer-ogg: 62fdf1f143b41e24485cea50d1cbac27 -> 
  custom:video-encoder-webm-vp8: eb34c28f22e8b96e1ab97ce403110664 -> 
  custom:video-decoder-webm-vp8: 9c59270c3fd7afecdb556c50c9e8de78 -> 
  custom:audio-decoder-ogg-vorbis: bf7c407c2cedff20999df2af8eb42d56 -> 
  custom:audio-encoder-webm-vorbis: bf7c407c2cedff20999df2af8eb42d56 -> 
========================================================================
Received Prepare
Registering precompiled user dll's ...
Registered in 0.012893 seconds.
Begin MonoManager ReloadAssembly
Native extension for WindowsStandalone target not found
Native extension for WebGL target not found
Refreshing native plugins compatible for Editor in 0.56 ms, found 2 plugins.
Preloading 0 native plugins for Editor in 0.00 ms.
Mono: successfully reloaded assembly
- Completed reload, in  0.908 seconds
Domain Reload Profiling:
	ReloadAssembly (909ms)
		BeginReloadAssembly (95ms)
			ExecutionOrderSort (0ms)
			DisableScriptedObjects (5ms)
			BackupInstance (0ms)
			ReleaseScriptingObjects (0ms)
			CreateAndSetChildDomain (30ms)
		EndReloadAssembly (756ms)
			LoadAssemblies (103ms)
			RebuildTransferFunctionScriptingTraits (0ms)
			SetupTypeCache (242ms)
			ReleaseScriptCaches (1ms)
			RebuildScriptCaches (36ms)
			SetupLoadedEditorAssemblies (240ms)
				LogAssemblyErrors (0ms)
				InitializePlatformSupportModulesInManaged (4ms)
				SetLoadedEditorAssemblies (0ms)
				RefreshPlugins (1ms)
				BeforeProcessingInitializeOnLoad (50ms)
				ProcessInitializeOnLoadAttributes (179ms)
				ProcessInitializeOnLoadMethodAttributes (3ms)
				AfterProcessingInitializeOnLoad (3ms)
				EditorAssembliesLoaded (0ms)
			ExecutionOrderSort2 (0ms)
			AwakeInstancesAfterBackupRestoration (17ms)
Platform modules already initialized, skipping
Refreshing native plugins compatible for Editor in 0.48 ms, found 2 plugins.
Preloading 0 native plugins for Editor in 0.00 ms.
Unloading 2592 Unused Serialized files (Serialized files now loaded: 0)
System memory in use before: 121.6 MB.
System memory in use after: 121.8 MB.

Unloading 12 unused Assets to reduce memory usage. Loaded Objects now: 3284.
Total: 2.695700 ms (FindLiveObjects: 0.199300 ms CreateObjectMapping: 0.053700 ms MarkObjects: 2.422600 ms  DeleteObjects: 0.018800 ms)

AssetImportParameters requested are different than current active one (requested -> active):
  custom:framework-win-MediaFoundation: 216162199b28c13a410421893ffa2e32 -> 
  custom:video-decoder-ogg-theora: a1e56fd34408186e4bbccfd4996cb3dc -> 
  custom:container-muxer-webm: aa71ff27fc2769a1b78a27578f13a17b -> 
  custom:container-demuxer-webm: 4f35f7cbe854078d1ac9338744f61a02 -> 
  custom:container-demuxer-ogg: 62fdf1f143b41e24485cea50d1cbac27 -> 
  custom:video-encoder-webm-vp8: eb34c28f22e8b96e1ab97ce403110664 -> 
  custom:video-decoder-webm-vp8: 9c59270c3fd7afecdb556c50c9e8de78 -> 
  custom:audio-decoder-ogg-vorbis: bf7c407c2cedff20999df2af8eb42d56 -> 
  custom:audio-encoder-webm-vorbis: bf7c407c2cedff20999df2af8eb42d56 -> 
========================================================================
Received Prepare
Registering precompiled user dll's ...
Registered in 0.002411 seconds.
Begin MonoManager ReloadAssembly
Native extension for WindowsStandalone target not found
Native extension for WebGL target not found
Refreshing native plugins compatible for Editor in 0.49 ms, found 2 plugins.
Preloading 0 native plugins for Editor in 0.00 ms.
Mono: successfully reloaded assembly
- Completed reload, in  0.877 seconds
Domain Reload Profiling:
	ReloadAssembly (877ms)
		BeginReloadAssembly (92ms)
			ExecutionOrderSort (0ms)
			DisableScriptedObjects (3ms)
			BackupInstance (0ms)
			ReleaseScriptingObjects (0ms)
			CreateAndSetChildDomain (33ms)
		EndReloadAssembly (734ms)
			LoadAssemblies (68ms)
			RebuildTransferFunctionScriptingTraits (0ms)
			SetupTypeCache (233ms)
			ReleaseScriptCaches (1ms)
			RebuildScriptCaches (35ms)
			SetupLoadedEditorAssemblies (274ms)
				LogAssemblyErrors (0ms)
				InitializePlatformSupportModulesInManaged (4ms)
				SetLoadedEditorAssemblies (0ms)
				RefreshPlugins (1ms)
				BeforeProcessingInitializeOnLoad (51ms)
				ProcessInitializeOnLoadAttributes (212ms)
				ProcessInitializeOnLoadMethodAttributes (3ms)
				AfterProcessingInitializeOnLoad (3ms)
				EditorAssembliesLoaded (0ms)
			ExecutionOrderSort2 (0ms)
			AwakeInstancesAfterBackupRestoration (14ms)
Platform modules already initialized, skipping
Refreshing native plugins compatible for Editor in 0.74 ms, found 2 plugins.
Preloading 0 native plugins for Editor in 0.00 ms.
Unloading 2592 Unused Serialized files (Serialized files now loaded: 0)
System memory in use before: 121.6 MB.
System memory in use after: 121.8 MB.

Unloading 12 unused Assets to reduce memory usage. Loaded Objects now: 3286.
Total: 3.076500 ms (FindLiveObjects: 0.274900 ms CreateObjectMapping: 0.075000 ms MarkObjects: 2.699900 ms  DeleteObjects: 0.025000 ms)

AssetImportParameters requested are different than current active one (requested -> active):
  custom:framework-win-MediaFoundation: 216162199b28c13a410421893ffa2e32 -> 
  custom:video-decoder-ogg-theora: a1e56fd34408186e4bbccfd4996cb3dc -> 
  custom:container-muxer-webm: aa71ff27fc2769a1b78a27578f13a17b -> 
  custom:container-demuxer-webm: 4f35f7cbe854078d1ac9338744f61a02 -> 
  custom:container-demuxer-ogg: 62fdf1f143b41e24485cea50d1cbac27 -> 
  custom:video-encoder-webm-vp8: eb34c28f22e8b96e1ab97ce403110664 -> 
  custom:video-decoder-webm-vp8: 9c59270c3fd7afecdb556c50c9e8de78 -> 
  custom:audio-decoder-ogg-vorbis: bf7c407c2cedff20999df2af8eb42d56 -> 
  custom:audio-encoder-webm-vorbis: bf7c407c2cedff20999df2af8eb42d56 -> 
========================================================================
Received Prepare
Registering precompiled user dll's ...
Registered in 0.002235 seconds.
Begin MonoManager ReloadAssembly
Native extension for WindowsStandalone target not found
Native extension for WebGL target not found
Refreshing native plugins compatible for Editor in 0.63 ms, found 2 plugins.
Preloading 0 native plugins for Editor in 0.00 ms.
Mono: successfully reloaded assembly
- Completed reload, in  0.918 seconds
Domain Reload Profiling:
	ReloadAssembly (918ms)
		BeginReloadAssembly (103ms)
			ExecutionOrderSort (0ms)
			DisableScriptedObjects (4ms)
			BackupInstance (0ms)
			ReleaseScriptingObjects (0ms)
			CreateAndSetChildDomain (37ms)
		EndReloadAssembly (766ms)
			LoadAssemblies (66ms)
			RebuildTransferFunctionScriptingTraits (0ms)
			SetupTypeCache (234ms)
			ReleaseScriptCaches (2ms)
			RebuildScriptCaches (41ms)
			SetupLoadedEditorAssemblies (272ms)
				LogAssemblyErrors (0ms)
				InitializePlatformSupportModulesInManaged (4ms)
				SetLoadedEditorAssemblies (0ms)
				RefreshPlugins (1ms)
				BeforeProcessingInitializeOnLoad (56ms)
				ProcessInitializeOnLoadAttributes (202ms)
				ProcessInitializeOnLoadMethodAttributes (4ms)
				AfterProcessingInitializeOnLoad (5ms)
				EditorAssembliesLoaded (0ms)
			ExecutionOrderSort2 (0ms)
			AwakeInstancesAfterBackupRestoration (18ms)
Platform modules already initialized, skipping
Refreshing native plugins compatible for Editor in 0.50 ms, found 2 plugins.
Preloading 0 native plugins for Editor in 0.00 ms.
Unloading 2592 Unused Serialized files (Serialized files now loaded: 0)
System memory in use before: 121.6 MB.
System memory in use after: 121.8 MB.

Unloading 12 unused Assets to reduce memory usage. Loaded Objects now: 3288.
Total: 3.051600 ms (FindLiveObjects: 0.309100 ms CreateObjectMapping: 0.082700 ms MarkObjects: 2.636200 ms  DeleteObjects: 0.021800 ms)

AssetImportParameters requested are different than current active one (requested -> active):
  custom:framework-win-MediaFoundation: 216162199b28c13a410421893ffa2e32 -> 
  custom:video-decoder-ogg-theora: a1e56fd34408186e4bbccfd4996cb3dc -> 
  custom:container-muxer-webm: aa71ff27fc2769a1b78a27578f13a17b -> 
  custom:container-demuxer-webm: 4f35f7cbe854078d1ac9338744f61a02 -> 
  custom:container-demuxer-ogg: 62fdf1f143b41e24485cea50d1cbac27 -> 
  custom:video-encoder-webm-vp8: eb34c28f22e8b96e1ab97ce403110664 -> 
  custom:video-decoder-webm-vp8: 9c59270c3fd7afecdb556c50c9e8de78 -> 
  custom:audio-decoder-ogg-vorbis: bf7c407c2cedff20999df2af8eb42d56 -> 
  custom:audio-encoder-webm-vorbis: bf7c407c2cedff20999df2af8eb42d56 -> 
========================================================================
Received Prepare
Registering precompiled user dll's ...
Registered in 0.002092 seconds.
Begin MonoManager ReloadAssembly
Native extension for WindowsStandalone target not found
Native extension for WebGL target not found
Refreshing native plugins compatible for Editor in 0.48 ms, found 2 plugins.
Preloading 0 native plugins for Editor in 0.00 ms.
Mono: successfully reloaded assembly
- Completed reload, in  0.801 seconds
Domain Reload Profiling:
	ReloadAssembly (802ms)
		BeginReloadAssembly (91ms)
			ExecutionOrderSort (0ms)
			DisableScriptedObjects (3ms)
			BackupInstance (0ms)
			ReleaseScriptingObjects (0ms)
			CreateAndSetChildDomain (31ms)
		EndReloadAssembly (663ms)
			LoadAssemblies (61ms)
			RebuildTransferFunctionScriptingTraits (0ms)
			SetupTypeCache (227ms)
			ReleaseScriptCaches (2ms)
			RebuildScriptCaches (35ms)
			SetupLoadedEditorAssemblies (227ms)
				LogAssemblyErrors (0ms)
				InitializePlatformSupportModulesInManaged (4ms)
				SetLoadedEditorAssemblies (0ms)
				RefreshPlugins (1ms)
				BeforeProcessingInitializeOnLoad (50ms)
				ProcessInitializeOnLoadAttributes (166ms)
				ProcessInitializeOnLoadMethodAttributes (3ms)
				AfterProcessingInitializeOnLoad (3ms)
				EditorAssembliesLoaded (0ms)
			ExecutionOrderSort2 (0ms)
			AwakeInstancesAfterBackupRestoration (13ms)
Platform modules already initialized, skipping
Refreshing native plugins compatible for Editor in 0.49 ms, found 2 plugins.
Preloading 0 native plugins for Editor in 0.00 ms.
Unloading 2592 Unused Serialized files (Serialized files now loaded: 0)
System memory in use before: 121.7 MB.
System memory in use after: 121.9 MB.

Unloading 12 unused Assets to reduce memory usage. Loaded Objects now: 3290.
Total: 2.949100 ms (FindLiveObjects: 0.282000 ms CreateObjectMapping: 0.084500 ms MarkObjects: 2.553100 ms  DeleteObjects: 0.027700 ms)

AssetImportParameters requested are different than current active one (requested -> active):
  custom:framework-win-MediaFoundation: 216162199b28c13a410421893ffa2e32 -> 
  custom:video-decoder-ogg-theora: a1e56fd34408186e4bbccfd4996cb3dc -> 
  custom:container-muxer-webm: aa71ff27fc2769a1b78a27578f13a17b -> 
  custom:container-demuxer-webm: 4f35f7cbe854078d1ac9338744f61a02 -> 
  custom:container-demuxer-ogg: 62fdf1f143b41e24485cea50d1cbac27 -> 
  custom:video-encoder-webm-vp8: eb34c28f22e8b96e1ab97ce403110664 -> 
  custom:video-decoder-webm-vp8: 9c59270c3fd7afecdb556c50c9e8de78 -> 
  custom:audio-decoder-ogg-vorbis: bf7c407c2cedff20999df2af8eb42d56 -> 
  custom:audio-encoder-webm-vorbis: bf7c407c2cedff20999df2af8eb42d56 -> 
========================================================================
Received Prepare
Registering precompiled user dll's ...
Registered in 0.002654 seconds.
Begin MonoManager ReloadAssembly
Native extension for WindowsStandalone target not found
Native extension for WebGL target not found
Refreshing native plugins compatible for Editor in 0.72 ms, found 2 plugins.
Preloading 0 native plugins for Editor in 0.00 ms.
Mono: successfully reloaded assembly
- Completed reload, in  0.885 seconds
Domain Reload Profiling:
	ReloadAssembly (885ms)
		BeginReloadAssembly (113ms)
			ExecutionOrderSort (0ms)
			DisableScriptedObjects (4ms)
			BackupInstance (0ms)
			ReleaseScriptingObjects (0ms)
			CreateAndSetChildDomain (36ms)
		EndReloadAssembly (718ms)
			LoadAssemblies (75ms)
			RebuildTransferFunctionScriptingTraits (0ms)
			SetupTypeCache (239ms)
			ReleaseScriptCaches (2ms)
			RebuildScriptCaches (35ms)
			SetupLoadedEditorAssemblies (244ms)
				LogAssemblyErrors (0ms)
				InitializePlatformSupportModulesInManaged (4ms)
				SetLoadedEditorAssemblies (1ms)
				RefreshPlugins (1ms)
				BeforeProcessingInitializeOnLoad (53ms)
				ProcessInitializeOnLoadAttributes (178ms)
				ProcessInitializeOnLoadMethodAttributes (4ms)
				AfterProcessingInitializeOnLoad (4ms)
				EditorAssembliesLoaded (0ms)
			ExecutionOrderSort2 (0ms)
			AwakeInstancesAfterBackupRestoration (12ms)
Platform modules already initialized, skipping
Refreshing native plugins compatible for Editor in 0.50 ms, found 2 plugins.
Preloading 0 native plugins for Editor in 0.00 ms.
Unloading 2592 Unused Serialized files (Serialized files now loaded: 0)
System memory in use before: 121.7 MB.
System memory in use after: 121.9 MB.

Unloading 12 unused Assets to reduce memory usage. Loaded Objects now: 3292.
Total: 2.862800 ms (FindLiveObjects: 0.299200 ms CreateObjectMapping: 0.067400 ms MarkObjects: 2.474500 ms  DeleteObjects: 0.020100 ms)

AssetImportParameters requested are different than current active one (requested -> active):
  custom:framework-win-MediaFoundation: 216162199b28c13a410421893ffa2e32 -> 
  custom:video-decoder-ogg-theora: a1e56fd34408186e4bbccfd4996cb3dc -> 
  custom:container-muxer-webm: aa71ff27fc2769a1b78a27578f13a17b -> 
  custom:container-demuxer-webm: 4f35f7cbe854078d1ac9338744f61a02 -> 
  custom:container-demuxer-ogg: 62fdf1f143b41e24485cea50d1cbac27 -> 
  custom:video-encoder-webm-vp8: eb34c28f22e8b96e1ab97ce403110664 -> 
  custom:video-decoder-webm-vp8: 9c59270c3fd7afecdb556c50c9e8de78 -> 
  custom:audio-decoder-ogg-vorbis: bf7c407c2cedff20999df2af8eb42d56 -> 
  custom:audio-encoder-webm-vorbis: bf7c407c2cedff20999df2af8eb42d56 -> 
========================================================================
Received Prepare
Registering precompiled user dll's ...
Registered in 0.002439 seconds.
Begin MonoManager ReloadAssembly
Native extension for WindowsStandalone target not found
Native extension for WebGL target not found
Refreshing native plugins compatible for Editor in 0.48 ms, found 2 plugins.
Preloading 0 native plugins for Editor in 0.00 ms.
Mono: successfully reloaded assembly
- Completed reload, in  0.850 seconds
Domain Reload Profiling:
	ReloadAssembly (851ms)
		BeginReloadAssembly (107ms)
			ExecutionOrderSort (0ms)
			DisableScriptedObjects (4ms)
			BackupInstance (0ms)
			ReleaseScriptingObjects (0ms)
			CreateAndSetChildDomain (35ms)
		EndReloadAssembly (693ms)
			LoadAssemblies (65ms)
			RebuildTransferFunctionScriptingTraits (0ms)
			SetupTypeCache (243ms)
			ReleaseScriptCaches (1ms)
			RebuildScriptCaches (36ms)
			SetupLoadedEditorAssemblies (237ms)
				LogAssemblyErrors (0ms)
				InitializePlatformSupportModulesInManaged (4ms)
				SetLoadedEditorAssemblies (0ms)
				RefreshPlugins (1ms)
				BeforeProcessingInitializeOnLoad (48ms)
				ProcessInitializeOnLoadAttributes (177ms)
				ProcessInitializeOnLoadMethodAttributes (3ms)
				AfterProcessingInitializeOnLoad (4ms)
				EditorAssembliesLoaded (0ms)
			ExecutionOrderSort2 (0ms)
			AwakeInstancesAfterBackupRestoration (14ms)
Platform modules already initialized, skipping
Refreshing native plugins compatible for Editor in 0.49 ms, found 2 plugins.
Preloading 0 native plugins for Editor in 0.00 ms.
Unloading 2592 Unused Serialized files (Serialized files now loaded: 0)
System memory in use before: 121.7 MB.
System memory in use after: 121.9 MB.

Unloading 12 unused Assets to reduce memory usage. Loaded Objects now: 3294.
Total: 3.130700 ms (FindLiveObjects: 0.367800 ms CreateObjectMapping: 0.057700 ms MarkObjects: 2.353500 ms  DeleteObjects: 0.349900 ms)

AssetImportParameters requested are different than current active one (requested -> active):
  custom:framework-win-MediaFoundation: 216162199b28c13a410421893ffa2e32 -> 
  custom:video-decoder-ogg-theora: a1e56fd34408186e4bbccfd4996cb3dc -> 
  custom:container-muxer-webm: aa71ff27fc2769a1b78a27578f13a17b -> 
  custom:container-demuxer-webm: 4f35f7cbe854078d1ac9338744f61a02 -> 
  custom:container-demuxer-ogg: 62fdf1f143b41e24485cea50d1cbac27 -> 
  custom:video-encoder-webm-vp8: eb34c28f22e8b96e1ab97ce403110664 -> 
  custom:video-decoder-webm-vp8: 9c59270c3fd7afecdb556c50c9e8de78 -> 
  custom:audio-decoder-ogg-vorbis: bf7c407c2cedff20999df2af8eb42d56 -> 
  custom:audio-encoder-webm-vorbis: bf7c407c2cedff20999df2af8eb42d56 -> 
========================================================================
Received Prepare
Registering precompiled user dll's ...
Registered in 0.002737 seconds.
Begin MonoManager ReloadAssembly
Native extension for WindowsStandalone target not found
Native extension for WebGL target not found
Refreshing native plugins compatible for Editor in 0.48 ms, found 2 plugins.
Preloading 0 native plugins for Editor in 0.00 ms.
Mono: successfully reloaded assembly
- Completed reload, in  0.859 seconds
Domain Reload Profiling:
	ReloadAssembly (859ms)
		BeginReloadAssembly (106ms)
			ExecutionOrderSort (0ms)
			DisableScriptedObjects (4ms)
			BackupInstance (0ms)
			ReleaseScriptingObjects (0ms)
			CreateAndSetChildDomain (42ms)
		EndReloadAssembly (705ms)
			LoadAssemblies (66ms)
			RebuildTransferFunctionScriptingTraits (0ms)
			SetupTypeCache (250ms)
			ReleaseScriptCaches (2ms)
			RebuildScriptCaches (34ms)
			SetupLoadedEditorAssemblies (230ms)
				LogAssemblyErrors (0ms)
				InitializePlatformSupportModulesInManaged (4ms)
				SetLoadedEditorAssemblies (0ms)
				RefreshPlugins (1ms)
				BeforeProcessingInitializeOnLoad (49ms)
				ProcessInitializeOnLoadAttributes (170ms)
				ProcessInitializeOnLoadMethodAttributes (3ms)
				AfterProcessingInitializeOnLoad (3ms)
				EditorAssembliesLoaded (0ms)
			ExecutionOrderSort2 (0ms)
			AwakeInstancesAfterBackupRestoration (13ms)
Platform modules already initialized, skipping
Refreshing native plugins compatible for Editor in 0.68 ms, found 2 plugins.
Preloading 0 native plugins for Editor in 0.00 ms.
Unloading 2592 Unused Serialized files (Serialized files now loaded: 0)
System memory in use before: 121.7 MB.
System memory in use after: 121.9 MB.

Unloading 12 unused Assets to reduce memory usage. Loaded Objects now: 3296.
Total: 2.659200 ms (FindLiveObjects: 0.200600 ms CreateObjectMapping: 0.057400 ms MarkObjects: 2.366900 ms  DeleteObjects: 0.033300 ms)

AssetImportParameters requested are different than current active one (requested -> active):
  custom:framework-win-MediaFoundation: 216162199b28c13a410421893ffa2e32 -> 
  custom:video-decoder-ogg-theora: a1e56fd34408186e4bbccfd4996cb3dc -> 
  custom:container-muxer-webm: aa71ff27fc2769a1b78a27578f13a17b -> 
  custom:container-demuxer-webm: 4f35f7cbe854078d1ac9338744f61a02 -> 
  custom:container-demuxer-ogg: 62fdf1f143b41e24485cea50d1cbac27 -> 
  custom:video-encoder-webm-vp8: eb34c28f22e8b96e1ab97ce403110664 -> 
  custom:video-decoder-webm-vp8: 9c59270c3fd7afecdb556c50c9e8de78 -> 
  custom:audio-decoder-ogg-vorbis: bf7c407c2cedff20999df2af8eb42d56 -> 
  custom:audio-encoder-webm-vorbis: bf7c407c2cedff20999df2af8eb42d56 -> 
========================================================================
Received Import Request.
  Time since last request: 6171.948516 seconds.
  path: Assets/Texture/Sea.mat
  artifactKey: Guid(55a9ff3eee38c6d4681e85a9124972d2) Importer(815301076,1909f56bfc062723c751e8b465ee728b)
Start importing Assets/Texture/Sea.mat using Guid(55a9ff3eee38c6d4681e85a9124972d2) Importer(815301076,1909f56bfc062723c751e8b465ee728b)  -> (artifact id: '9ad73ad4c3bfcec2c3845a56e93456f7') in 0.500546 seconds 
  Import took 0.505277 seconds .

========================================================================
Received Import Request.
  Time since last request: 1005.335289 seconds.
  path: Assets/Texture/Sea.shadergraph
  artifactKey: Guid(697579442e1232b4fbdef0f095f21026) Importer(815301076,1909f56bfc062723c751e8b465ee728b)
Start importing Assets/Texture/Sea.shadergraph using Guid(697579442e1232b4fbdef0f095f21026) Importer(815301076,1909f56bfc062723c751e8b465ee728b)  -> (artifact id: '0c51f6c4abbcacedba9bd2ca69c51936') in 0.003811 seconds 
  Import took 0.008993 seconds .

========================================================================
Received Import Request.
  Time since last request: 0.002935 seconds.
  path: Assets/Texture/Sea.shadergraph
  artifactKey: Guid(697579442e1232b4fbdef0f095f21026) Importer(815301076,1909f56bfc062723c751e8b465ee728b)
Start importing Assets/Texture/Sea.shadergraph using Guid(697579442e1232b4fbdef0f095f21026) Importer(815301076,1909f56bfc062723c751e8b465ee728b)  -> (artifact id: '0c51f6c4abbcacedba9bd2ca69c51936') in 0.002976 seconds 
  Import took 0.007294 seconds .

========================================================================
Received Import Request.
  Time since last request: 14.537319 seconds.
  path: Assets/Texture/Sea.shadergraph
  artifactKey: Guid(697579442e1232b4fbdef0f095f21026) Importer(815301076,1909f56bfc062723c751e8b465ee728b)
Start importing Assets/Texture/Sea.shadergraph using Guid(697579442e1232b4fbdef0f095f21026) Importer(815301076,1909f56bfc062723c751e8b465ee728b)  -> (artifact id: 'b789b3c3fbf7dd6a322a2362eca05d75') in 0.002866 seconds 
  Import took 0.007820 seconds .

========================================================================
Received Import Request.
  Time since last request: 48.920494 seconds.
  path: Assets/Texture/Sea.shadergraph
  artifactKey: Guid(697579442e1232b4fbdef0f095f21026) Importer(815301076,1909f56bfc062723c751e8b465ee728b)
Start importing Assets/Texture/Sea.shadergraph using Guid(697579442e1232b4fbdef0f095f21026) Importer(815301076,1909f56bfc062723c751e8b465ee728b)  -> (artifact id: '7150368cad850873c69a6382b7758803') in 0.009003 seconds 
  Import took 0.022570 seconds .

========================================================================
Received Import Request.
  Time since last request: 97.864867 seconds.
  path: Assets/Texture/Sea.shadergraph
  artifactKey: Guid(697579442e1232b4fbdef0f095f21026) Importer(815301076,1909f56bfc062723c751e8b465ee728b)
Start importing Assets/Texture/Sea.shadergraph using Guid(697579442e1232b4fbdef0f095f21026) Importer(815301076,1909f56bfc062723c751e8b465ee728b)  -> (artifact id: '4b04a41327a34aa193d12d727c2285e9') in 0.003275 seconds 
  Import took 0.008164 seconds .

AssetImportWorkerClient::OnTransportError - code=2 error=End of file
